[2023-01-27 10:17:30:1016][background-preinit] INFO  o.h.validator.internal.util.Version - HV000001: Hibernate Validator 6.2.5.Final
[2023-01-27 10:17:30:1019][restartedMain] INFO  c.u.b.BlueIslandApplication - Starting BlueIslandApplication using Java 11.0.2 on DESKTOP-SIG7LQ4 with PID 12204 (C:\study\blueIsland\blueIsland\build\classes\java\main started by MSI in C:\study\blueIsland\blueIsland)
[2023-01-27 10:17:30:1022][restartedMain] INFO  c.u.b.BlueIslandApplication - No active profile set, falling back to 1 default profile: "default"
[2023-01-27 10:17:30:1076][restartedMain] INFO  o.s.b.d.e.DevToolsPropertyDefaultsPostProcessor - Devtools property defaults active! Set 'spring.devtools.add-properties' to 'false' to disable
[2023-01-27 10:17:30:1077][restartedMain] INFO  o.s.b.d.e.DevToolsPropertyDefaultsPostProcessor - For additional web related logging consider setting the 'logging.level.web' property to 'DEBUG'
[2023-01-27 10:17:31:1958][restartedMain] INFO  o.s.d.r.c.RepositoryConfigurationDelegate - Multiple Spring Data modules found, entering strict repository configuration mode
[2023-01-27 10:17:31:1961][restartedMain] INFO  o.s.d.r.c.RepositoryConfigurationDelegate - Bootstrapping Spring Data Redis repositories in DEFAULT mode.
[2023-01-27 10:17:31:1989][restartedMain] INFO  o.s.d.r.c.RepositoryConfigurationDelegate - Finished Spring Data repository scanning in 15 ms. Found 0 Redis repository interfaces.
[2023-01-27 10:17:32:2604][restartedMain] INFO  o.s.b.w.e.tomcat.TomcatWebServer - Tomcat initialized with port(s): 8090 (http)
[2023-01-27 10:17:32:2613][restartedMain] INFO  o.a.coyote.http11.Http11NioProtocol - Initializing ProtocolHandler ["http-nio-8090"]
[2023-01-27 10:17:32:2614][restartedMain] INFO  o.a.catalina.core.StandardService - Starting service [Tomcat]
[2023-01-27 10:17:32:2614][restartedMain] INFO  o.a.catalina.core.StandardEngine - Starting Servlet engine: [Apache Tomcat/9.0.71]
[2023-01-27 10:17:32:2721][restartedMain] INFO  o.a.c.c.C.[Tomcat].[localhost].[/] - Initializing Spring embedded WebApplicationContext
[2023-01-27 10:17:32:2722][restartedMain] INFO  o.s.b.w.s.c.ServletWebServerApplicationContext - Root WebApplicationContext: initialization completed in 1645 ms
[2023-01-27 10:17:33:3466][restartedMain] INFO  o.s.s.w.DefaultSecurityFilterChain - Will secure any request with [org.springframework.security.web.session.DisableEncodeUrlFilter@739b63b, org.springframework.security.web.context.request.async.WebAsyncManagerIntegrationFilter@665e88f7, org.springframework.security.web.context.SecurityContextPersistenceFilter@545c466f, org.springframework.security.web.header.HeaderWriterFilter@7350f6b9, org.springframework.web.filter.CorsFilter@1757361c, org.springframework.security.web.authentication.logout.LogoutFilter@1d54e0bf, com.uni.blueisland.jwt.JwtFilter@662040a0, org.springframework.security.web.savedrequest.RequestCacheAwareFilter@41ae8bc7, org.springframework.security.web.servletapi.SecurityContextHolderAwareRequestFilter@6cebf750, org.springframework.security.web.authentication.AnonymousAuthenticationFilter@2c62ba31, org.springframework.security.web.session.SessionManagementFilter@2c6dc722, org.springframework.security.web.access.ExceptionTranslationFilter@68b73056, org.springframework.security.web.access.intercept.FilterSecurityInterceptor@79117488]
[2023-01-27 10:17:33:3622][restartedMain] INFO  o.s.b.d.a.OptionalLiveReloadServer - LiveReload server is running on port 35729
[2023-01-27 10:17:33:4085][restartedMain] INFO  o.a.coyote.http11.Http11NioProtocol - Starting ProtocolHandler ["http-nio-8090"]
[2023-01-27 10:17:33:4112][restartedMain] INFO  o.s.b.w.e.tomcat.TomcatWebServer - Tomcat started on port(s): 8090 (http) with context path ''
[2023-01-27 10:17:34:4440][restartedMain] INFO  c.u.b.BlueIslandApplication - Started BlueIslandApplication in 4.13 seconds (JVM running for 5.295)
[2023-01-27 10:17:43:14100][http-nio-8090-exec-1] INFO  o.a.c.c.C.[Tomcat].[localhost].[/] - Initializing Spring DispatcherServlet 'dispatcherServlet'
[2023-01-27 10:17:43:14100][http-nio-8090-exec-1] INFO  o.s.web.servlet.DispatcherServlet - Initializing Servlet 'dispatcherServlet'
[2023-01-27 10:17:43:14102][http-nio-8090-exec-1] INFO  o.s.web.servlet.DispatcherServlet - Completed initialization in 1 ms
[2023-01-27 10:17:43:14115][http-nio-8090-exec-1] INFO  o.s.web.filter.OncePerRequestFilter - [JwtFilter] doFilterInternal START ===================================
[2023-01-27 10:17:43:14116][http-nio-8090-exec-1] INFO  o.s.web.filter.OncePerRequestFilter - [JwtFilter] jwt : null
[2023-01-27 10:17:43:14191][http-nio-8090-exec-1] INFO  com.zaxxer.hikari.HikariDataSource - HikariPool-1 - Starting...
[2023-01-27 10:17:44:14644][http-nio-8090-exec-1] INFO  com.zaxxer.hikari.HikariDataSource - HikariPool-1 - Start completed.
[2023-01-27 10:17:44:14653][http-nio-8090-exec-1] INFO  c.u.b.member.service.AuthService - [AuthService] Login Start ===================================
[2023-01-27 10:17:44:14653][http-nio-8090-exec-1] INFO  c.u.b.member.service.AuthService - [AuthService] MemberDto(memberNo=null, memberId=user01, memberPwd=pass01, memberName=null, memberRole=null, appendDate=null, updateDate=null, authorities=null)
[2023-01-27 10:17:44:14794][http-nio-8090-exec-1] INFO  c.uni.blueisland.jwt.TokenProvider - [TokenProvider] generateTokenDto Start ===================================
[2023-01-27 10:17:44:14794][http-nio-8090-exec-1] INFO  c.uni.blueisland.jwt.TokenProvider - [TokenProvider] ROLE_USER
[2023-01-27 10:17:44:14823][http-nio-8090-exec-1] INFO  c.u.b.member.service.AuthService - [AuthService] tokenDto TokenDto{grantType='bearer', memberName='홍길동', accessToken='eyJhbGciOiJIUzUxMiJ9.eyJzdWIiOiJ1c2VyMDEiLCJhdXRoIjpbIlJPTEVfVVNFUiJdLCJleHAiOjE2NzQ3ODQwNjR9.6muvTt72qWoApg89DNIQnLPLmfbdWd005LKFBZxUAFNzYrVodMVVD-29ij7PDXinmZ5ZPFoygGM6dh2QHzYwgQ', accessTokenExpiresIn=1674784064459}
[2023-01-27 10:17:44:14830][http-nio-8090-exec-1] INFO  c.u.b.member.service.AuthService - [AuthService] Login End ===================================
[2023-01-27 10:17:48:18782][http-nio-8090-exec-3] INFO  o.s.web.filter.OncePerRequestFilter - [JwtFilter] doFilterInternal START ===================================
[2023-01-27 10:17:48:18783][http-nio-8090-exec-3] INFO  o.s.web.filter.OncePerRequestFilter - [JwtFilter] jwt : null
[2023-01-27 10:17:52:22737][http-nio-8090-exec-4] INFO  o.s.web.filter.OncePerRequestFilter - [JwtFilter] doFilterInternal START ===================================
[2023-01-27 10:17:52:22737][http-nio-8090-exec-4] INFO  o.s.web.filter.OncePerRequestFilter - [JwtFilter] jwt : eyJhbGciOiJIUzUxMiJ9.eyJzdWIiOiJhZG1pbiIsImF1dGgiOlsiUk9MRV9BRE1JTiJdLCJleHAiOjE2NzQ2MjgwNzl9.Ueh3ETRTMKL1plALo2_pmwlmiNnKoz2no0iin6kDCviciI_Q1vLFx2EVGpQrz-EtjXmXWj4vMiwHbndIvxmogQ
[2023-01-27 10:17:52:22768][http-nio-8090-exec-4] INFO  c.uni.blueisland.jwt.TokenProvider - [TokenProvider] 만료된 JWT 토큰입니다.
[2023-01-27 10:18:10:40793][http-nio-8090-exec-5] INFO  o.s.web.filter.OncePerRequestFilter - [JwtFilter] doFilterInternal START ===================================
[2023-01-27 10:18:10:40793][http-nio-8090-exec-5] INFO  o.s.web.filter.OncePerRequestFilter - [JwtFilter] jwt : null
[2023-01-27 10:18:35:65522][http-nio-8090-exec-6] INFO  o.s.web.filter.OncePerRequestFilter - [JwtFilter] doFilterInternal START ===================================
[2023-01-27 10:18:35:65522][http-nio-8090-exec-6] INFO  o.s.web.filter.OncePerRequestFilter - [JwtFilter] jwt : null
[2023-01-27 10:18:39:69569][http-nio-8090-exec-7] INFO  o.s.web.filter.OncePerRequestFilter - [JwtFilter] doFilterInternal START ===================================
[2023-01-27 10:18:39:69569][http-nio-8090-exec-7] INFO  o.s.web.filter.OncePerRequestFilter - [JwtFilter] jwt : null
[2023-01-27 10:18:41:71922][http-nio-8090-exec-8] INFO  o.s.web.filter.OncePerRequestFilter - [JwtFilter] doFilterInternal START ===================================
[2023-01-27 10:18:41:71922][http-nio-8090-exec-8] INFO  o.s.web.filter.OncePerRequestFilter - [JwtFilter] jwt : null
[2023-01-27 10:18:47:78220][http-nio-8090-exec-9] INFO  o.s.web.filter.OncePerRequestFilter - [JwtFilter] doFilterInternal START ===================================
[2023-01-27 10:18:47:78220][http-nio-8090-exec-9] INFO  o.s.web.filter.OncePerRequestFilter - [JwtFilter] jwt : eyJhbGciOiJIUzUxMiJ9.eyJzdWIiOiJ1c2VyMDEiLCJhdXRoIjpbIlJPTEVfVVNFUiJdLCJleHAiOjE2NzQ2Mjk0NjV9.QHitWm1T5Fuy33Q-cmDoJnUHZ0hOC_LU9y3l0dKfnPm9FWV5raIcOWx02d3a3lvO39EhFWb2MwJ-Cc73hfX3rQ
[2023-01-27 10:18:47:78223][http-nio-8090-exec-9] INFO  c.uni.blueisland.jwt.TokenProvider - [TokenProvider] 만료된 JWT 토큰입니다.
[2023-01-27 10:19:09:99900][http-nio-8090-exec-10] INFO  o.s.web.filter.OncePerRequestFilter - [JwtFilter] doFilterInternal START ===================================
[2023-01-27 10:19:09:99901][http-nio-8090-exec-10] INFO  o.s.web.filter.OncePerRequestFilter - [JwtFilter] jwt : eyJhbGciOiJIUzUxMiJ9.eyJzdWIiOiJ1c2VyMDEiLCJhdXRoIjpbIlJPTEVfVVNFUiJdLCJleHAiOjE2NzQ3ODQwNjR9.6muvTt72qWoApg89DNIQnLPLmfbdWd005LKFBZxUAFNzYrVodMVVD-29ij7PDXinmZ5ZPFoygGM6dh2QHzYwgQ
[2023-01-27 10:19:09:99905][http-nio-8090-exec-10] INFO  c.uni.blueisland.jwt.TokenProvider - [TokenProvider] authorities : [[ROLE_USER]]
[2023-01-27 10:19:09:99910][http-nio-8090-exec-10] INFO  c.u.b.m.s.CustomUserDetailsService - [CustomUserDetailsService] ===================================
[2023-01-27 10:19:09:99910][http-nio-8090-exec-10] INFO  c.u.b.m.s.CustomUserDetailsService - [CustomUserDetailsService] loadUserByUsername user01
[2023-01-27 10:19:20:111262][http-nio-8090-exec-2] INFO  o.s.web.filter.OncePerRequestFilter - [JwtFilter] doFilterInternal START ===================================
[2023-01-27 10:19:20:111264][http-nio-8090-exec-2] INFO  o.s.web.filter.OncePerRequestFilter - [JwtFilter] jwt : eyJhbGciOiJIUzUxMiJ9.eyJzdWIiOiJ1c2VyMDEiLCJhdXRoIjpbIlJPTEVfVVNFUiJdLCJleHAiOjE2NzQ3ODQwNjR9.6muvTt72qWoApg89DNIQnLPLmfbdWd005LKFBZxUAFNzYrVodMVVD-29ij7PDXinmZ5ZPFoygGM6dh2QHzYwgQ
[2023-01-27 10:19:20:111270][http-nio-8090-exec-2] INFO  c.uni.blueisland.jwt.TokenProvider - [TokenProvider] authorities : [[ROLE_USER]]
[2023-01-27 10:19:20:111274][http-nio-8090-exec-2] INFO  c.u.b.m.s.CustomUserDetailsService - [CustomUserDetailsService] ===================================
[2023-01-27 10:19:20:111274][http-nio-8090-exec-2] INFO  c.u.b.m.s.CustomUserDetailsService - [CustomUserDetailsService] loadUserByUsername user01
[2023-01-27 10:19:25:115890][http-nio-8090-exec-1] INFO  o.s.web.filter.OncePerRequestFilter - [JwtFilter] doFilterInternal START ===================================
[2023-01-27 10:19:25:115891][http-nio-8090-exec-1] INFO  o.s.web.filter.OncePerRequestFilter - [JwtFilter] jwt : eyJhbGciOiJIUzUxMiJ9.eyJzdWIiOiJ1c2VyMDEiLCJhdXRoIjpbIlJPTEVfVVNFUiJdLCJleHAiOjE2NzQ3ODQwNjR9.6muvTt72qWoApg89DNIQnLPLmfbdWd005LKFBZxUAFNzYrVodMVVD-29ij7PDXinmZ5ZPFoygGM6dh2QHzYwgQ
[2023-01-27 10:19:25:115894][http-nio-8090-exec-1] INFO  c.uni.blueisland.jwt.TokenProvider - [TokenProvider] authorities : [[ROLE_USER]]
[2023-01-27 10:19:25:115896][http-nio-8090-exec-1] INFO  c.u.b.m.s.CustomUserDetailsService - [CustomUserDetailsService] ===================================
[2023-01-27 10:19:25:115896][http-nio-8090-exec-1] INFO  c.u.b.m.s.CustomUserDetailsService - [CustomUserDetailsService] loadUserByUsername user01
[2023-01-27 10:19:34:125188][SpringApplicationShutdownHook] INFO  com.zaxxer.hikari.HikariDataSource - HikariPool-1 - Shutdown initiated...
[2023-01-27 10:19:34:125199][SpringApplicationShutdownHook] INFO  com.zaxxer.hikari.HikariDataSource - HikariPool-1 - Shutdown completed.
[2023-01-27 11:03:33:732][Test worker] INFO  c.u.b.BlueIslandApplicationTests - Starting BlueIslandApplicationTests using Java 11.0.2 on DESKTOP-SIG7LQ4 with PID 17556 (started by MSI in C:\study\blueIsland\blueIsland)
[2023-01-27 11:03:33:739][Test worker] INFO  c.u.b.BlueIslandApplicationTests - No active profile set, falling back to 1 default profile: "default"
[2023-01-27 11:03:33:750][background-preinit] INFO  o.h.validator.internal.util.Version - HV000001: Hibernate Validator 6.2.5.Final
[2023-01-27 11:03:34:1663][Test worker] INFO  o.s.d.r.c.RepositoryConfigurationDelegate - Multiple Spring Data modules found, entering strict repository configuration mode
[2023-01-27 11:03:34:1671][Test worker] INFO  o.s.d.r.c.RepositoryConfigurationDelegate - Bootstrapping Spring Data Redis repositories in DEFAULT mode.
[2023-01-27 11:03:34:1705][Test worker] INFO  o.s.d.r.c.RepositoryConfigurationDelegate - Finished Spring Data repository scanning in 17 ms. Found 0 Redis repository interfaces.
[2023-01-27 11:03:38:5733][Test worker] INFO  o.s.s.w.DefaultSecurityFilterChain - Will secure any request with [org.springframework.security.web.session.DisableEncodeUrlFilter@29a1ec65, org.springframework.security.web.context.request.async.WebAsyncManagerIntegrationFilter@625db0e0, org.springframework.security.web.context.SecurityContextPersistenceFilter@3458dab6, org.springframework.security.web.header.HeaderWriterFilter@6669cba, org.springframework.web.filter.CorsFilter@511d568f, org.springframework.security.web.authentication.logout.LogoutFilter@19f1be04, com.uni.blueisland.jwt.JwtFilter@1805ca5c, org.springframework.security.web.savedrequest.RequestCacheAwareFilter@61be6051, org.springframework.security.web.servletapi.SecurityContextHolderAwareRequestFilter@13c18bba, org.springframework.security.web.authentication.AnonymousAuthenticationFilter@3e61cffd, org.springframework.security.web.session.SessionManagementFilter@400008bf, org.springframework.security.web.access.ExceptionTranslationFilter@b842275, org.springframework.security.web.access.intercept.FilterSecurityInterceptor@36f05595]
[2023-01-27 11:03:41:7958][Test worker] INFO  c.u.b.BlueIslandApplicationTests - Started BlueIslandApplicationTests in 7.638 seconds (JVM running for 8.899)
[2023-01-27 11:03:41:8431][Test worker] INFO  com.zaxxer.hikari.HikariDataSource - HikariPool-1 - Starting...
[2023-01-27 11:03:41:8724][Test worker] INFO  com.zaxxer.hikari.HikariDataSource - HikariPool-1 - Start completed.
[2023-01-27 11:03:41:8733][Test worker] INFO  c.u.b.member.service.AuthService - [AuthService] Signup Start ===================================
[2023-01-27 11:03:41:8734][Test worker] INFO  c.u.b.member.service.AuthService - [AuthService] MemberRequestDto MemberDto(memberNo=null, memberId=user05, memberPwd=pass05, memberName=이종석, memberRole=null, appendDate=null, updateDate=null, authorities=null)
[2023-01-27 11:03:41:8749][Test worker] INFO  c.u.b.member.service.AuthService - [AuthService] Member Signup Start ==============================
[2023-01-27 11:03:41:8825][Test worker] INFO  c.u.b.member.service.AuthService - [AuthService] Member MemberDto(memberNo=null, memberId=user05, memberPwd=$2a$10$NBl/mHKTRHQl0UhFeTfLfeaZLpC.29rTkm0SEyRnVYCNvsoZAF/Sy, memberName=이종석, memberRole=null, appendDate=null, updateDate=null, authorities=null)
[2023-01-27 11:03:42:8875][Test worker] INFO  c.u.b.member.service.AuthService - [AuthService] Member Insert Result 회원 가입 성공
[2023-01-27 11:03:42:8876][Test worker] INFO  c.u.b.member.service.AuthService - [AuthService] Signup End ==============================
[2023-01-27 11:03:42:8952][SpringApplicationShutdownHook] INFO  com.zaxxer.hikari.HikariDataSource - HikariPool-1 - Shutdown initiated...
[2023-01-27 11:03:42:8970][SpringApplicationShutdownHook] INFO  com.zaxxer.hikari.HikariDataSource - HikariPool-1 - Shutdown completed.
[2023-01-27 11:51:48:806][Test worker] INFO  c.u.b.m.c.AuthControllerTest - Starting AuthControllerTest using Java 11.0.2 on DESKTOP-SIG7LQ4 with PID 15260 (started by MSI in C:\study\blueIsland\blueIsland)
[2023-01-27 11:51:48:807][Test worker] INFO  c.u.b.m.c.AuthControllerTest - No active profile set, falling back to 1 default profile: "default"
[2023-01-27 11:51:48:820][background-preinit] INFO  o.h.validator.internal.util.Version - HV000001: Hibernate Validator 6.2.5.Final
[2023-01-27 11:51:51:3269][Test worker] INFO  o.s.s.w.DefaultSecurityFilterChain - Will secure any request with [org.springframework.security.web.session.DisableEncodeUrlFilter@3dfa2f64, org.springframework.security.web.context.request.async.WebAsyncManagerIntegrationFilter@60484429, org.springframework.security.web.context.SecurityContextPersistenceFilter@403cff1c, org.springframework.security.web.header.HeaderWriterFilter@7a71ebf1, org.springframework.web.filter.CorsFilter@42c55978, org.springframework.security.web.authentication.logout.LogoutFilter@7bdf94f2, com.uni.blueisland.jwt.JwtFilter@690e4b00, org.springframework.security.web.savedrequest.RequestCacheAwareFilter@71f4aeb6, org.springframework.security.web.servletapi.SecurityContextHolderAwareRequestFilter@56976b8b, org.springframework.security.web.authentication.AnonymousAuthenticationFilter@5e3d84a, org.springframework.security.web.session.SessionManagementFilter@690677de, org.springframework.security.web.access.ExceptionTranslationFilter@5847010, org.springframework.security.web.access.intercept.FilterSecurityInterceptor@6148827c]
[2023-01-27 11:51:51:4130][Test worker] INFO  c.u.b.m.c.AuthControllerTest - Started AuthControllerTest in 3.758 seconds (JVM running for 5.132)
[2023-01-27 13:50:52:629][Test worker] INFO  c.u.b.m.service.AuthServiceTest - Starting AuthServiceTest using Java 11.0.2 on DESKTOP-SIG7LQ4 with PID 9000 (started by MSI in C:\study\blueIsland\blueIsland)
[2023-01-27 13:50:52:630][Test worker] INFO  c.u.b.m.service.AuthServiceTest - No active profile set, falling back to 1 default profile: "default"
[2023-01-27 13:50:52:640][background-preinit] INFO  o.h.validator.internal.util.Version - HV000001: Hibernate Validator 6.2.5.Final
[2023-01-27 13:50:55:3406][Test worker] INFO  o.s.s.w.DefaultSecurityFilterChain - Will secure any request with [org.springframework.security.web.session.DisableEncodeUrlFilter@65503a26, org.springframework.security.web.context.request.async.WebAsyncManagerIntegrationFilter@13aa54f1, org.springframework.security.web.context.SecurityContextPersistenceFilter@237aa0c7, org.springframework.security.web.header.HeaderWriterFilter@93f15f6, org.springframework.web.filter.CorsFilter@26d7cb0d, org.springframework.security.web.authentication.logout.LogoutFilter@27b490de, com.uni.blueisland.jwt.JwtFilter@23e9dd78, org.springframework.security.web.savedrequest.RequestCacheAwareFilter@fceab5d, org.springframework.security.web.servletapi.SecurityContextHolderAwareRequestFilter@79445efb, org.springframework.security.web.authentication.AnonymousAuthenticationFilter@470c4229, org.springframework.security.web.session.SessionManagementFilter@1fe05fff, org.springframework.security.web.access.ExceptionTranslationFilter@32513dea, org.springframework.security.web.access.intercept.FilterSecurityInterceptor@7d95166a]
[2023-01-27 13:50:56:4447][Test worker] INFO  c.u.b.m.service.AuthServiceTest - Started AuthServiceTest in 4.153 seconds (JVM running for 5.22)
[2023-01-27 13:50:56:4488][Test worker] ERROR o.s.test.context.TestContextManager - Caught exception while allowing TestExecutionListener [org.springframework.boot.test.autoconfigure.SpringBootDependencyInjectionTestExecutionListener@64b31700] to prepare test instance [com.uni.blueisland.member.service.AuthServiceTest@46bdc55e]
org.springframework.beans.factory.BeanCreationException: Error creating bean with name 'com.uni.blueisland.member.service.AuthServiceTest': Injection of autowired dependencies failed; nested exception is java.lang.IllegalArgumentException: Could not resolve placeholder 'local.server.port' in value "${local.server.port}"
	at org.springframework.beans.factory.annotation.AutowiredAnnotationBeanPostProcessor.postProcessProperties(AutowiredAnnotationBeanPostProcessor.java:405)
	at org.springframework.beans.factory.support.AbstractAutowireCapableBeanFactory.populateBean(AbstractAutowireCapableBeanFactory.java:1431)
	at org.springframework.beans.factory.support.AbstractAutowireCapableBeanFactory.autowireBeanProperties(AbstractAutowireCapableBeanFactory.java:417)
	at org.springframework.test.context.support.DependencyInjectionTestExecutionListener.injectDependencies(DependencyInjectionTestExecutionListener.java:119)
	at org.springframework.test.context.support.DependencyInjectionTestExecutionListener.prepareTestInstance(DependencyInjectionTestExecutionListener.java:83)
	at org.springframework.boot.test.autoconfigure.SpringBootDependencyInjectionTestExecutionListener.prepareTestInstance(SpringBootDependencyInjectionTestExecutionListener.java:43)
	at org.springframework.test.context.TestContextManager.prepareTestInstance(TestContextManager.java:248)
	at org.springframework.test.context.junit.jupiter.SpringExtension.postProcessTestInstance(SpringExtension.java:138)
	at org.junit.jupiter.engine.descriptor.ClassBasedTestDescriptor.lambda$invokeTestInstancePostProcessors$8(ClassBasedTestDescriptor.java:363)
	at org.junit.jupiter.engine.descriptor.ClassBasedTestDescriptor.executeAndMaskThrowable(ClassBasedTestDescriptor.java:368)
	at org.junit.jupiter.engine.descriptor.ClassBasedTestDescriptor.lambda$invokeTestInstancePostProcessors$9(ClassBasedTestDescriptor.java:363)
	at java.base/java.util.stream.ReferencePipeline$3$1.accept(ReferencePipeline.java:195)
	at java.base/java.util.stream.ReferencePipeline$2$1.accept(ReferencePipeline.java:177)
	at java.base/java.util.ArrayList$ArrayListSpliterator.forEachRemaining(ArrayList.java:1654)
	at java.base/java.util.stream.AbstractPipeline.copyInto(AbstractPipeline.java:484)
	at java.base/java.util.stream.AbstractPipeline.wrapAndCopyInto(AbstractPipeline.java:474)
	at java.base/java.util.stream.StreamSpliterators$WrappingSpliterator.forEachRemaining(StreamSpliterators.java:312)
	at java.base/java.util.stream.Streams$ConcatSpliterator.forEachRemaining(Streams.java:735)
	at java.base/java.util.stream.Streams$ConcatSpliterator.forEachRemaining(Streams.java:734)
	at java.base/java.util.stream.ReferencePipeline$Head.forEach(ReferencePipeline.java:658)
	at org.junit.jupiter.engine.descriptor.ClassBasedTestDescriptor.invokeTestInstancePostProcessors(ClassBasedTestDescriptor.java:362)
	at org.junit.jupiter.engine.descriptor.ClassBasedTestDescriptor.lambda$instantiateAndPostProcessTestInstance$6(ClassBasedTestDescriptor.java:283)
	at org.junit.platform.engine.support.hierarchical.ThrowableCollector.execute(ThrowableCollector.java:73)
	at org.junit.jupiter.engine.descriptor.ClassBasedTestDescriptor.instantiateAndPostProcessTestInstance(ClassBasedTestDescriptor.java:282)
	at org.junit.jupiter.engine.descriptor.ClassBasedTestDescriptor.lambda$testInstancesProvider$4(ClassBasedTestDescriptor.java:272)
	at java.base/java.util.Optional.orElseGet(Optional.java:369)
	at org.junit.jupiter.engine.descriptor.ClassBasedTestDescriptor.lambda$testInstancesProvider$5(ClassBasedTestDescriptor.java:271)
	at org.junit.jupiter.engine.execution.TestInstancesProvider.getTestInstances(TestInstancesProvider.java:31)
	at org.junit.jupiter.engine.descriptor.TestMethodTestDescriptor.lambda$prepare$0(TestMethodTestDescriptor.java:102)
	at org.junit.platform.engine.support.hierarchical.ThrowableCollector.execute(ThrowableCollector.java:73)
	at org.junit.jupiter.engine.descriptor.TestMethodTestDescriptor.prepare(TestMethodTestDescriptor.java:101)
	at org.junit.jupiter.engine.descriptor.TestMethodTestDescriptor.prepare(TestMethodTestDescriptor.java:66)
	at org.junit.platform.engine.support.hierarchical.NodeTestTask.lambda$prepare$2(NodeTestTask.java:123)
	at org.junit.platform.engine.support.hierarchical.ThrowableCollector.execute(ThrowableCollector.java:73)
	at org.junit.platform.engine.support.hierarchical.NodeTestTask.prepare(NodeTestTask.java:123)
	at org.junit.platform.engine.support.hierarchical.NodeTestTask.execute(NodeTestTask.java:90)
	at java.base/java.util.ArrayList.forEach(ArrayList.java:1540)
	at org.junit.platform.engine.support.hierarchical.SameThreadHierarchicalTestExecutorService.invokeAll(SameThreadHierarchicalTestExecutorService.java:41)
	at org.junit.platform.engine.support.hierarchical.NodeTestTask.lambda$executeRecursively$6(NodeTestTask.java:155)
	at org.junit.platform.engine.support.hierarchical.ThrowableCollector.execute(ThrowableCollector.java:73)
	at org.junit.platform.engine.support.hierarchical.NodeTestTask.lambda$executeRecursively$8(NodeTestTask.java:141)
	at org.junit.platform.engine.support.hierarchical.Node.around(Node.java:137)
	at org.junit.platform.engine.support.hierarchical.NodeTestTask.lambda$executeRecursively$9(NodeTestTask.java:139)
	at org.junit.platform.engine.support.hierarchical.ThrowableCollector.execute(ThrowableCollector.java:73)
	at org.junit.platform.engine.support.hierarchical.NodeTestTask.executeRecursively(NodeTestTask.java:138)
	at org.junit.platform.engine.support.hierarchical.NodeTestTask.execute(NodeTestTask.java:95)
	at java.base/java.util.ArrayList.forEach(ArrayList.java:1540)
	at org.junit.platform.engine.support.hierarchical.SameThreadHierarchicalTestExecutorService.invokeAll(SameThreadHierarchicalTestExecutorService.java:41)
	at org.junit.platform.engine.support.hierarchical.NodeTestTask.lambda$executeRecursively$6(NodeTestTask.java:155)
	at org.junit.platform.engine.support.hierarchical.ThrowableCollector.execute(ThrowableCollector.java:73)
	at org.junit.platform.engine.support.hierarchical.NodeTestTask.lambda$executeRecursively$8(NodeTestTask.java:141)
	at org.junit.platform.engine.support.hierarchical.Node.around(Node.java:137)
	at org.junit.platform.engine.support.hierarchical.NodeTestTask.lambda$executeRecursively$9(NodeTestTask.java:139)
	at org.junit.platform.engine.support.hierarchical.ThrowableCollector.execute(ThrowableCollector.java:73)
	at org.junit.platform.engine.support.hierarchical.NodeTestTask.executeRecursively(NodeTestTask.java:138)
	at org.junit.platform.engine.support.hierarchical.NodeTestTask.execute(NodeTestTask.java:95)
	at org.junit.platform.engine.support.hierarchical.SameThreadHierarchicalTestExecutorService.submit(SameThreadHierarchicalTestExecutorService.java:35)
	at org.junit.platform.engine.support.hierarchical.HierarchicalTestExecutor.execute(HierarchicalTestExecutor.java:57)
	at org.junit.platform.engine.support.hierarchical.HierarchicalTestEngine.execute(HierarchicalTestEngine.java:54)
	at org.junit.platform.launcher.core.EngineExecutionOrchestrator.execute(EngineExecutionOrchestrator.java:107)
	at org.junit.platform.launcher.core.EngineExecutionOrchestrator.execute(EngineExecutionOrchestrator.java:88)
	at org.junit.platform.launcher.core.EngineExecutionOrchestrator.lambda$execute$0(EngineExecutionOrchestrator.java:54)
	at org.junit.platform.launcher.core.EngineExecutionOrchestrator.withInterceptedStreams(EngineExecutionOrchestrator.java:67)
	at org.junit.platform.launcher.core.EngineExecutionOrchestrator.execute(EngineExecutionOrchestrator.java:52)
	at org.junit.platform.launcher.core.DefaultLauncher.execute(DefaultLauncher.java:114)
	at org.junit.platform.launcher.core.DefaultLauncher.execute(DefaultLauncher.java:86)
	at org.junit.platform.launcher.core.DefaultLauncherSession$DelegatingLauncher.execute(DefaultLauncherSession.java:86)
	at org.junit.platform.launcher.core.SessionPerRequestLauncher.execute(SessionPerRequestLauncher.java:53)
	at org.gradle.api.internal.tasks.testing.junitplatform.JUnitPlatformTestClassProcessor$CollectAllTestClassesExecutor.processAllTestClasses(JUnitPlatformTestClassProcessor.java:99)
	at org.gradle.api.internal.tasks.testing.junitplatform.JUnitPlatformTestClassProcessor$CollectAllTestClassesExecutor.access$000(JUnitPlatformTestClassProcessor.java:79)
	at org.gradle.api.internal.tasks.testing.junitplatform.JUnitPlatformTestClassProcessor.stop(JUnitPlatformTestClassProcessor.java:75)
	at org.gradle.api.internal.tasks.testing.SuiteTestClassProcessor.stop(SuiteTestClassProcessor.java:62)
	at java.base/jdk.internal.reflect.NativeMethodAccessorImpl.invoke0(Native Method)
	at java.base/jdk.internal.reflect.NativeMethodAccessorImpl.invoke(NativeMethodAccessorImpl.java:62)
	at java.base/jdk.internal.reflect.DelegatingMethodAccessorImpl.invoke(DelegatingMethodAccessorImpl.java:43)
	at java.base/java.lang.reflect.Method.invoke(Method.java:566)
	at org.gradle.internal.dispatch.ReflectionDispatch.dispatch(ReflectionDispatch.java:36)
	at org.gradle.internal.dispatch.ReflectionDispatch.dispatch(ReflectionDispatch.java:24)
	at org.gradle.internal.dispatch.ContextClassLoaderDispatch.dispatch(ContextClassLoaderDispatch.java:33)
	at org.gradle.internal.dispatch.ProxyDispatchAdapter$DispatchingInvocationHandler.invoke(ProxyDispatchAdapter.java:94)
	at com.sun.proxy.$Proxy2.stop(Unknown Source)
	at org.gradle.api.internal.tasks.testing.worker.TestWorker$3.run(TestWorker.java:193)
	at org.gradle.api.internal.tasks.testing.worker.TestWorker.executeAndMaintainThreadName(TestWorker.java:129)
	at org.gradle.api.internal.tasks.testing.worker.TestWorker.execute(TestWorker.java:100)
	at org.gradle.api.internal.tasks.testing.worker.TestWorker.execute(TestWorker.java:60)
	at org.gradle.process.internal.worker.child.ActionExecutionWorker.execute(ActionExecutionWorker.java:56)
	at org.gradle.process.internal.worker.child.SystemApplicationClassLoaderWorker.call(SystemApplicationClassLoaderWorker.java:113)
	at org.gradle.process.internal.worker.child.SystemApplicationClassLoaderWorker.call(SystemApplicationClassLoaderWorker.java:65)
	at worker.org.gradle.process.internal.worker.GradleWorkerMain.run(GradleWorkerMain.java:69)
	at worker.org.gradle.process.internal.worker.GradleWorkerMain.main(GradleWorkerMain.java:74)
Caused by: java.lang.IllegalArgumentException: Could not resolve placeholder 'local.server.port' in value "${local.server.port}"
	at org.springframework.util.PropertyPlaceholderHelper.parseStringValue(PropertyPlaceholderHelper.java:180)
	at org.springframework.util.PropertyPlaceholderHelper.replacePlaceholders(PropertyPlaceholderHelper.java:126)
	at org.springframework.core.env.AbstractPropertyResolver.doResolvePlaceholders(AbstractPropertyResolver.java:239)
	at org.springframework.core.env.AbstractPropertyResolver.resolveRequiredPlaceholders(AbstractPropertyResolver.java:210)
	at org.springframework.context.support.PropertySourcesPlaceholderConfigurer.lambda$processProperties$0(PropertySourcesPlaceholderConfigurer.java:191)
	at org.springframework.beans.factory.support.AbstractBeanFactory.resolveEmbeddedValue(AbstractBeanFactory.java:936)
	at org.springframework.beans.factory.support.DefaultListableBeanFactory.doResolveDependency(DefaultListableBeanFactory.java:1332)
	at org.springframework.beans.factory.support.DefaultListableBeanFactory.resolveDependency(DefaultListableBeanFactory.java:1311)
	at org.springframework.beans.factory.annotation.AutowiredAnnotationBeanPostProcessor$AutowiredFieldElement.resolveFieldValue(AutowiredAnnotationBeanPostProcessor.java:657)
	at org.springframework.beans.factory.annotation.AutowiredAnnotationBeanPostProcessor$AutowiredFieldElement.inject(AutowiredAnnotationBeanPostProcessor.java:640)
	at org.springframework.beans.factory.annotation.InjectionMetadata.inject(InjectionMetadata.java:119)
	at org.springframework.beans.factory.annotation.AutowiredAnnotationBeanPostProcessor.postProcessProperties(AutowiredAnnotationBeanPostProcessor.java:399)
	... 89 common frames omitted
[2023-01-27 13:52:13:611][Test worker] INFO  c.u.b.m.service.AuthServiceTest - Starting AuthServiceTest using Java 11.0.2 on DESKTOP-SIG7LQ4 with PID 12668 (started by MSI in C:\study\blueIsland\blueIsland)
[2023-01-27 13:52:13:612][Test worker] INFO  c.u.b.m.service.AuthServiceTest - No active profile set, falling back to 1 default profile: "default"
[2023-01-27 13:52:13:623][background-preinit] INFO  o.h.validator.internal.util.Version - HV000001: Hibernate Validator 6.2.5.Final
[2023-01-27 13:52:16:2742][Test worker] INFO  o.s.s.w.DefaultSecurityFilterChain - Will secure any request with [org.springframework.security.web.session.DisableEncodeUrlFilter@2299f6d7, org.springframework.security.web.context.request.async.WebAsyncManagerIntegrationFilter@5cd701e4, org.springframework.security.web.context.SecurityContextPersistenceFilter@397a10df, org.springframework.security.web.header.HeaderWriterFilter@2c5708e7, org.springframework.web.filter.CorsFilter@6c9151c1, org.springframework.security.web.authentication.logout.LogoutFilter@6f655dbd, com.uni.blueisland.jwt.JwtFilter@2c3679e5, org.springframework.security.web.savedrequest.RequestCacheAwareFilter@a7bbdbc, org.springframework.security.web.servletapi.SecurityContextHolderAwareRequestFilter@63eea8c4, org.springframework.security.web.authentication.AnonymousAuthenticationFilter@41f40dfa, org.springframework.security.web.session.SessionManagementFilter@42238078, org.springframework.security.web.access.ExceptionTranslationFilter@7791ff50, org.springframework.security.web.access.intercept.FilterSecurityInterceptor@29bd2796]
[2023-01-27 13:52:16:3596][Test worker] INFO  c.u.b.m.service.AuthServiceTest - Started AuthServiceTest in 3.318 seconds (JVM running for 4.415)
[2023-01-27 13:52:16:3640][Test worker] ERROR o.s.test.context.TestContextManager - Caught exception while allowing TestExecutionListener [org.springframework.boot.test.autoconfigure.SpringBootDependencyInjectionTestExecutionListener@64b31700] to prepare test instance [com.uni.blueisland.member.service.AuthServiceTest@5a9baba8]
org.springframework.beans.factory.BeanCreationException: Error creating bean with name 'com.uni.blueisland.member.service.AuthServiceTest': Injection of autowired dependencies failed; nested exception is java.lang.IllegalArgumentException: Could not resolve placeholder 'local.server.port' in value "${local.server.port}"
	at org.springframework.beans.factory.annotation.AutowiredAnnotationBeanPostProcessor.postProcessProperties(AutowiredAnnotationBeanPostProcessor.java:405)
	at org.springframework.beans.factory.support.AbstractAutowireCapableBeanFactory.populateBean(AbstractAutowireCapableBeanFactory.java:1431)
	at org.springframework.beans.factory.support.AbstractAutowireCapableBeanFactory.autowireBeanProperties(AbstractAutowireCapableBeanFactory.java:417)
	at org.springframework.test.context.support.DependencyInjectionTestExecutionListener.injectDependencies(DependencyInjectionTestExecutionListener.java:119)
	at org.springframework.test.context.support.DependencyInjectionTestExecutionListener.prepareTestInstance(DependencyInjectionTestExecutionListener.java:83)
	at org.springframework.boot.test.autoconfigure.SpringBootDependencyInjectionTestExecutionListener.prepareTestInstance(SpringBootDependencyInjectionTestExecutionListener.java:43)
	at org.springframework.test.context.TestContextManager.prepareTestInstance(TestContextManager.java:248)
	at org.springframework.test.context.junit.jupiter.SpringExtension.postProcessTestInstance(SpringExtension.java:138)
	at org.junit.jupiter.engine.descriptor.ClassBasedTestDescriptor.lambda$invokeTestInstancePostProcessors$8(ClassBasedTestDescriptor.java:363)
	at org.junit.jupiter.engine.descriptor.ClassBasedTestDescriptor.executeAndMaskThrowable(ClassBasedTestDescriptor.java:368)
	at org.junit.jupiter.engine.descriptor.ClassBasedTestDescriptor.lambda$invokeTestInstancePostProcessors$9(ClassBasedTestDescriptor.java:363)
	at java.base/java.util.stream.ReferencePipeline$3$1.accept(ReferencePipeline.java:195)
	at java.base/java.util.stream.ReferencePipeline$2$1.accept(ReferencePipeline.java:177)
	at java.base/java.util.ArrayList$ArrayListSpliterator.forEachRemaining(ArrayList.java:1654)
	at java.base/java.util.stream.AbstractPipeline.copyInto(AbstractPipeline.java:484)
	at java.base/java.util.stream.AbstractPipeline.wrapAndCopyInto(AbstractPipeline.java:474)
	at java.base/java.util.stream.StreamSpliterators$WrappingSpliterator.forEachRemaining(StreamSpliterators.java:312)
	at java.base/java.util.stream.Streams$ConcatSpliterator.forEachRemaining(Streams.java:735)
	at java.base/java.util.stream.Streams$ConcatSpliterator.forEachRemaining(Streams.java:734)
	at java.base/java.util.stream.ReferencePipeline$Head.forEach(ReferencePipeline.java:658)
	at org.junit.jupiter.engine.descriptor.ClassBasedTestDescriptor.invokeTestInstancePostProcessors(ClassBasedTestDescriptor.java:362)
	at org.junit.jupiter.engine.descriptor.ClassBasedTestDescriptor.lambda$instantiateAndPostProcessTestInstance$6(ClassBasedTestDescriptor.java:283)
	at org.junit.platform.engine.support.hierarchical.ThrowableCollector.execute(ThrowableCollector.java:73)
	at org.junit.jupiter.engine.descriptor.ClassBasedTestDescriptor.instantiateAndPostProcessTestInstance(ClassBasedTestDescriptor.java:282)
	at org.junit.jupiter.engine.descriptor.ClassBasedTestDescriptor.lambda$testInstancesProvider$4(ClassBasedTestDescriptor.java:272)
	at java.base/java.util.Optional.orElseGet(Optional.java:369)
	at org.junit.jupiter.engine.descriptor.ClassBasedTestDescriptor.lambda$testInstancesProvider$5(ClassBasedTestDescriptor.java:271)
	at org.junit.jupiter.engine.execution.TestInstancesProvider.getTestInstances(TestInstancesProvider.java:31)
	at org.junit.jupiter.engine.descriptor.TestMethodTestDescriptor.lambda$prepare$0(TestMethodTestDescriptor.java:102)
	at org.junit.platform.engine.support.hierarchical.ThrowableCollector.execute(ThrowableCollector.java:73)
	at org.junit.jupiter.engine.descriptor.TestMethodTestDescriptor.prepare(TestMethodTestDescriptor.java:101)
	at org.junit.jupiter.engine.descriptor.TestMethodTestDescriptor.prepare(TestMethodTestDescriptor.java:66)
	at org.junit.platform.engine.support.hierarchical.NodeTestTask.lambda$prepare$2(NodeTestTask.java:123)
	at org.junit.platform.engine.support.hierarchical.ThrowableCollector.execute(ThrowableCollector.java:73)
	at org.junit.platform.engine.support.hierarchical.NodeTestTask.prepare(NodeTestTask.java:123)
	at org.junit.platform.engine.support.hierarchical.NodeTestTask.execute(NodeTestTask.java:90)
	at java.base/java.util.ArrayList.forEach(ArrayList.java:1540)
	at org.junit.platform.engine.support.hierarchical.SameThreadHierarchicalTestExecutorService.invokeAll(SameThreadHierarchicalTestExecutorService.java:41)
	at org.junit.platform.engine.support.hierarchical.NodeTestTask.lambda$executeRecursively$6(NodeTestTask.java:155)
	at org.junit.platform.engine.support.hierarchical.ThrowableCollector.execute(ThrowableCollector.java:73)
	at org.junit.platform.engine.support.hierarchical.NodeTestTask.lambda$executeRecursively$8(NodeTestTask.java:141)
	at org.junit.platform.engine.support.hierarchical.Node.around(Node.java:137)
	at org.junit.platform.engine.support.hierarchical.NodeTestTask.lambda$executeRecursively$9(NodeTestTask.java:139)
	at org.junit.platform.engine.support.hierarchical.ThrowableCollector.execute(ThrowableCollector.java:73)
	at org.junit.platform.engine.support.hierarchical.NodeTestTask.executeRecursively(NodeTestTask.java:138)
	at org.junit.platform.engine.support.hierarchical.NodeTestTask.execute(NodeTestTask.java:95)
	at java.base/java.util.ArrayList.forEach(ArrayList.java:1540)
	at org.junit.platform.engine.support.hierarchical.SameThreadHierarchicalTestExecutorService.invokeAll(SameThreadHierarchicalTestExecutorService.java:41)
	at org.junit.platform.engine.support.hierarchical.NodeTestTask.lambda$executeRecursively$6(NodeTestTask.java:155)
	at org.junit.platform.engine.support.hierarchical.ThrowableCollector.execute(ThrowableCollector.java:73)
	at org.junit.platform.engine.support.hierarchical.NodeTestTask.lambda$executeRecursively$8(NodeTestTask.java:141)
	at org.junit.platform.engine.support.hierarchical.Node.around(Node.java:137)
	at org.junit.platform.engine.support.hierarchical.NodeTestTask.lambda$executeRecursively$9(NodeTestTask.java:139)
	at org.junit.platform.engine.support.hierarchical.ThrowableCollector.execute(ThrowableCollector.java:73)
	at org.junit.platform.engine.support.hierarchical.NodeTestTask.executeRecursively(NodeTestTask.java:138)
	at org.junit.platform.engine.support.hierarchical.NodeTestTask.execute(NodeTestTask.java:95)
	at org.junit.platform.engine.support.hierarchical.SameThreadHierarchicalTestExecutorService.submit(SameThreadHierarchicalTestExecutorService.java:35)
	at org.junit.platform.engine.support.hierarchical.HierarchicalTestExecutor.execute(HierarchicalTestExecutor.java:57)
	at org.junit.platform.engine.support.hierarchical.HierarchicalTestEngine.execute(HierarchicalTestEngine.java:54)
	at org.junit.platform.launcher.core.EngineExecutionOrchestrator.execute(EngineExecutionOrchestrator.java:107)
	at org.junit.platform.launcher.core.EngineExecutionOrchestrator.execute(EngineExecutionOrchestrator.java:88)
	at org.junit.platform.launcher.core.EngineExecutionOrchestrator.lambda$execute$0(EngineExecutionOrchestrator.java:54)
	at org.junit.platform.launcher.core.EngineExecutionOrchestrator.withInterceptedStreams(EngineExecutionOrchestrator.java:67)
	at org.junit.platform.launcher.core.EngineExecutionOrchestrator.execute(EngineExecutionOrchestrator.java:52)
	at org.junit.platform.launcher.core.DefaultLauncher.execute(DefaultLauncher.java:114)
	at org.junit.platform.launcher.core.DefaultLauncher.execute(DefaultLauncher.java:86)
	at org.junit.platform.launcher.core.DefaultLauncherSession$DelegatingLauncher.execute(DefaultLauncherSession.java:86)
	at org.junit.platform.launcher.core.SessionPerRequestLauncher.execute(SessionPerRequestLauncher.java:53)
	at org.gradle.api.internal.tasks.testing.junitplatform.JUnitPlatformTestClassProcessor$CollectAllTestClassesExecutor.processAllTestClasses(JUnitPlatformTestClassProcessor.java:99)
	at org.gradle.api.internal.tasks.testing.junitplatform.JUnitPlatformTestClassProcessor$CollectAllTestClassesExecutor.access$000(JUnitPlatformTestClassProcessor.java:79)
	at org.gradle.api.internal.tasks.testing.junitplatform.JUnitPlatformTestClassProcessor.stop(JUnitPlatformTestClassProcessor.java:75)
	at org.gradle.api.internal.tasks.testing.SuiteTestClassProcessor.stop(SuiteTestClassProcessor.java:62)
	at java.base/jdk.internal.reflect.NativeMethodAccessorImpl.invoke0(Native Method)
	at java.base/jdk.internal.reflect.NativeMethodAccessorImpl.invoke(NativeMethodAccessorImpl.java:62)
	at java.base/jdk.internal.reflect.DelegatingMethodAccessorImpl.invoke(DelegatingMethodAccessorImpl.java:43)
	at java.base/java.lang.reflect.Method.invoke(Method.java:566)
	at org.gradle.internal.dispatch.ReflectionDispatch.dispatch(ReflectionDispatch.java:36)
	at org.gradle.internal.dispatch.ReflectionDispatch.dispatch(ReflectionDispatch.java:24)
	at org.gradle.internal.dispatch.ContextClassLoaderDispatch.dispatch(ContextClassLoaderDispatch.java:33)
	at org.gradle.internal.dispatch.ProxyDispatchAdapter$DispatchingInvocationHandler.invoke(ProxyDispatchAdapter.java:94)
	at com.sun.proxy.$Proxy2.stop(Unknown Source)
	at org.gradle.api.internal.tasks.testing.worker.TestWorker$3.run(TestWorker.java:193)
	at org.gradle.api.internal.tasks.testing.worker.TestWorker.executeAndMaintainThreadName(TestWorker.java:129)
	at org.gradle.api.internal.tasks.testing.worker.TestWorker.execute(TestWorker.java:100)
	at org.gradle.api.internal.tasks.testing.worker.TestWorker.execute(TestWorker.java:60)
	at org.gradle.process.internal.worker.child.ActionExecutionWorker.execute(ActionExecutionWorker.java:56)
	at org.gradle.process.internal.worker.child.SystemApplicationClassLoaderWorker.call(SystemApplicationClassLoaderWorker.java:113)
	at org.gradle.process.internal.worker.child.SystemApplicationClassLoaderWorker.call(SystemApplicationClassLoaderWorker.java:65)
	at worker.org.gradle.process.internal.worker.GradleWorkerMain.run(GradleWorkerMain.java:69)
	at worker.org.gradle.process.internal.worker.GradleWorkerMain.main(GradleWorkerMain.java:74)
Caused by: java.lang.IllegalArgumentException: Could not resolve placeholder 'local.server.port' in value "${local.server.port}"
	at org.springframework.util.PropertyPlaceholderHelper.parseStringValue(PropertyPlaceholderHelper.java:180)
	at org.springframework.util.PropertyPlaceholderHelper.replacePlaceholders(PropertyPlaceholderHelper.java:126)
	at org.springframework.core.env.AbstractPropertyResolver.doResolvePlaceholders(AbstractPropertyResolver.java:239)
	at org.springframework.core.env.AbstractPropertyResolver.resolveRequiredPlaceholders(AbstractPropertyResolver.java:210)
	at org.springframework.context.support.PropertySourcesPlaceholderConfigurer.lambda$processProperties$0(PropertySourcesPlaceholderConfigurer.java:191)
	at org.springframework.beans.factory.support.AbstractBeanFactory.resolveEmbeddedValue(AbstractBeanFactory.java:936)
	at org.springframework.beans.factory.support.DefaultListableBeanFactory.doResolveDependency(DefaultListableBeanFactory.java:1332)
	at org.springframework.beans.factory.support.DefaultListableBeanFactory.resolveDependency(DefaultListableBeanFactory.java:1311)
	at org.springframework.beans.factory.annotation.AutowiredAnnotationBeanPostProcessor$AutowiredFieldElement.resolveFieldValue(AutowiredAnnotationBeanPostProcessor.java:657)
	at org.springframework.beans.factory.annotation.AutowiredAnnotationBeanPostProcessor$AutowiredFieldElement.inject(AutowiredAnnotationBeanPostProcessor.java:640)
	at org.springframework.beans.factory.annotation.InjectionMetadata.inject(InjectionMetadata.java:119)
	at org.springframework.beans.factory.annotation.AutowiredAnnotationBeanPostProcessor.postProcessProperties(AutowiredAnnotationBeanPostProcessor.java:399)
	... 89 common frames omitted
[2023-01-27 13:52:34:632][Test worker] INFO  c.u.b.m.service.AuthServiceTest - Starting AuthServiceTest using Java 11.0.2 on DESKTOP-SIG7LQ4 with PID 13380 (started by MSI in C:\study\blueIsland\blueIsland)
[2023-01-27 13:52:34:633][Test worker] INFO  c.u.b.m.service.AuthServiceTest - No active profile set, falling back to 1 default profile: "default"
[2023-01-27 13:52:34:640][background-preinit] INFO  o.h.validator.internal.util.Version - HV000001: Hibernate Validator 6.2.5.Final
[2023-01-27 13:52:37:3253][Test worker] INFO  o.s.s.w.DefaultSecurityFilterChain - Will secure any request with [org.springframework.security.web.session.DisableEncodeUrlFilter@34695b23, org.springframework.security.web.context.request.async.WebAsyncManagerIntegrationFilter@611a2d82, org.springframework.security.web.context.SecurityContextPersistenceFilter@3516b881, org.springframework.security.web.header.HeaderWriterFilter@186f7434, org.springframework.web.filter.CorsFilter@6774f264, org.springframework.security.web.authentication.logout.LogoutFilter@32513dea, com.uni.blueisland.jwt.JwtFilter@2299f6d7, org.springframework.security.web.savedrequest.RequestCacheAwareFilter@397a10df, org.springframework.security.web.servletapi.SecurityContextHolderAwareRequestFilter@39a865c1, org.springframework.security.web.authentication.AnonymousAuthenticationFilter@5cd701e4, org.springframework.security.web.session.SessionManagementFilter@2c5708e7, org.springframework.security.web.access.ExceptionTranslationFilter@684b26b7, org.springframework.security.web.access.intercept.FilterSecurityInterceptor@b76b7d8]
[2023-01-27 13:52:38:4287][Test worker] INFO  c.u.b.m.service.AuthServiceTest - Started AuthServiceTest in 3.998 seconds (JVM running for 5.054)
[2023-01-27 13:52:38:4348][Test worker] ERROR o.s.test.context.TestContextManager - Caught exception while allowing TestExecutionListener [org.springframework.boot.test.autoconfigure.SpringBootDependencyInjectionTestExecutionListener@1bb9aa43] to prepare test instance [com.uni.blueisland.member.service.AuthServiceTest@5a9baba8]
org.springframework.beans.factory.UnsatisfiedDependencyException: Error creating bean with name 'com.uni.blueisland.member.service.AuthServiceTest': Unsatisfied dependency expressed through field 'restTemplate'; nested exception is org.springframework.beans.factory.NoSuchBeanDefinitionException: No qualifying bean of type 'org.springframework.web.client.RestTemplate' available: expected at least 1 bean which qualifies as autowire candidate. Dependency annotations: {@org.springframework.beans.factory.annotation.Autowired(required=true)}
	at org.springframework.beans.factory.annotation.AutowiredAnnotationBeanPostProcessor$AutowiredFieldElement.resolveFieldValue(AutowiredAnnotationBeanPostProcessor.java:660)
	at org.springframework.beans.factory.annotation.AutowiredAnnotationBeanPostProcessor$AutowiredFieldElement.inject(AutowiredAnnotationBeanPostProcessor.java:640)
	at org.springframework.beans.factory.annotation.InjectionMetadata.inject(InjectionMetadata.java:119)
	at org.springframework.beans.factory.annotation.AutowiredAnnotationBeanPostProcessor.postProcessProperties(AutowiredAnnotationBeanPostProcessor.java:399)
	at org.springframework.beans.factory.support.AbstractAutowireCapableBeanFactory.populateBean(AbstractAutowireCapableBeanFactory.java:1431)
	at org.springframework.beans.factory.support.AbstractAutowireCapableBeanFactory.autowireBeanProperties(AbstractAutowireCapableBeanFactory.java:417)
	at org.springframework.test.context.support.DependencyInjectionTestExecutionListener.injectDependencies(DependencyInjectionTestExecutionListener.java:119)
	at org.springframework.test.context.support.DependencyInjectionTestExecutionListener.prepareTestInstance(DependencyInjectionTestExecutionListener.java:83)
	at org.springframework.boot.test.autoconfigure.SpringBootDependencyInjectionTestExecutionListener.prepareTestInstance(SpringBootDependencyInjectionTestExecutionListener.java:43)
	at org.springframework.test.context.TestContextManager.prepareTestInstance(TestContextManager.java:248)
	at org.springframework.test.context.junit.jupiter.SpringExtension.postProcessTestInstance(SpringExtension.java:138)
	at org.junit.jupiter.engine.descriptor.ClassBasedTestDescriptor.lambda$invokeTestInstancePostProcessors$8(ClassBasedTestDescriptor.java:363)
	at org.junit.jupiter.engine.descriptor.ClassBasedTestDescriptor.executeAndMaskThrowable(ClassBasedTestDescriptor.java:368)
	at org.junit.jupiter.engine.descriptor.ClassBasedTestDescriptor.lambda$invokeTestInstancePostProcessors$9(ClassBasedTestDescriptor.java:363)
	at java.base/java.util.stream.ReferencePipeline$3$1.accept(ReferencePipeline.java:195)
	at java.base/java.util.stream.ReferencePipeline$2$1.accept(ReferencePipeline.java:177)
	at java.base/java.util.ArrayList$ArrayListSpliterator.forEachRemaining(ArrayList.java:1654)
	at java.base/java.util.stream.AbstractPipeline.copyInto(AbstractPipeline.java:484)
	at java.base/java.util.stream.AbstractPipeline.wrapAndCopyInto(AbstractPipeline.java:474)
	at java.base/java.util.stream.StreamSpliterators$WrappingSpliterator.forEachRemaining(StreamSpliterators.java:312)
	at java.base/java.util.stream.Streams$ConcatSpliterator.forEachRemaining(Streams.java:735)
	at java.base/java.util.stream.Streams$ConcatSpliterator.forEachRemaining(Streams.java:734)
	at java.base/java.util.stream.ReferencePipeline$Head.forEach(ReferencePipeline.java:658)
	at org.junit.jupiter.engine.descriptor.ClassBasedTestDescriptor.invokeTestInstancePostProcessors(ClassBasedTestDescriptor.java:362)
	at org.junit.jupiter.engine.descriptor.ClassBasedTestDescriptor.lambda$instantiateAndPostProcessTestInstance$6(ClassBasedTestDescriptor.java:283)
	at org.junit.platform.engine.support.hierarchical.ThrowableCollector.execute(ThrowableCollector.java:73)
	at org.junit.jupiter.engine.descriptor.ClassBasedTestDescriptor.instantiateAndPostProcessTestInstance(ClassBasedTestDescriptor.java:282)
	at org.junit.jupiter.engine.descriptor.ClassBasedTestDescriptor.lambda$testInstancesProvider$4(ClassBasedTestDescriptor.java:272)
	at java.base/java.util.Optional.orElseGet(Optional.java:369)
	at org.junit.jupiter.engine.descriptor.ClassBasedTestDescriptor.lambda$testInstancesProvider$5(ClassBasedTestDescriptor.java:271)
	at org.junit.jupiter.engine.execution.TestInstancesProvider.getTestInstances(TestInstancesProvider.java:31)
	at org.junit.jupiter.engine.descriptor.TestMethodTestDescriptor.lambda$prepare$0(TestMethodTestDescriptor.java:102)
	at org.junit.platform.engine.support.hierarchical.ThrowableCollector.execute(ThrowableCollector.java:73)
	at org.junit.jupiter.engine.descriptor.TestMethodTestDescriptor.prepare(TestMethodTestDescriptor.java:101)
	at org.junit.jupiter.engine.descriptor.TestMethodTestDescriptor.prepare(TestMethodTestDescriptor.java:66)
	at org.junit.platform.engine.support.hierarchical.NodeTestTask.lambda$prepare$2(NodeTestTask.java:123)
	at org.junit.platform.engine.support.hierarchical.ThrowableCollector.execute(ThrowableCollector.java:73)
	at org.junit.platform.engine.support.hierarchical.NodeTestTask.prepare(NodeTestTask.java:123)
	at org.junit.platform.engine.support.hierarchical.NodeTestTask.execute(NodeTestTask.java:90)
	at java.base/java.util.ArrayList.forEach(ArrayList.java:1540)
	at org.junit.platform.engine.support.hierarchical.SameThreadHierarchicalTestExecutorService.invokeAll(SameThreadHierarchicalTestExecutorService.java:41)
	at org.junit.platform.engine.support.hierarchical.NodeTestTask.lambda$executeRecursively$6(NodeTestTask.java:155)
	at org.junit.platform.engine.support.hierarchical.ThrowableCollector.execute(ThrowableCollector.java:73)
	at org.junit.platform.engine.support.hierarchical.NodeTestTask.lambda$executeRecursively$8(NodeTestTask.java:141)
	at org.junit.platform.engine.support.hierarchical.Node.around(Node.java:137)
	at org.junit.platform.engine.support.hierarchical.NodeTestTask.lambda$executeRecursively$9(NodeTestTask.java:139)
	at org.junit.platform.engine.support.hierarchical.ThrowableCollector.execute(ThrowableCollector.java:73)
	at org.junit.platform.engine.support.hierarchical.NodeTestTask.executeRecursively(NodeTestTask.java:138)
	at org.junit.platform.engine.support.hierarchical.NodeTestTask.execute(NodeTestTask.java:95)
	at java.base/java.util.ArrayList.forEach(ArrayList.java:1540)
	at org.junit.platform.engine.support.hierarchical.SameThreadHierarchicalTestExecutorService.invokeAll(SameThreadHierarchicalTestExecutorService.java:41)
	at org.junit.platform.engine.support.hierarchical.NodeTestTask.lambda$executeRecursively$6(NodeTestTask.java:155)
	at org.junit.platform.engine.support.hierarchical.ThrowableCollector.execute(ThrowableCollector.java:73)
	at org.junit.platform.engine.support.hierarchical.NodeTestTask.lambda$executeRecursively$8(NodeTestTask.java:141)
	at org.junit.platform.engine.support.hierarchical.Node.around(Node.java:137)
	at org.junit.platform.engine.support.hierarchical.NodeTestTask.lambda$executeRecursively$9(NodeTestTask.java:139)
	at org.junit.platform.engine.support.hierarchical.ThrowableCollector.execute(ThrowableCollector.java:73)
	at org.junit.platform.engine.support.hierarchical.NodeTestTask.executeRecursively(NodeTestTask.java:138)
	at org.junit.platform.engine.support.hierarchical.NodeTestTask.execute(NodeTestTask.java:95)
	at org.junit.platform.engine.support.hierarchical.SameThreadHierarchicalTestExecutorService.submit(SameThreadHierarchicalTestExecutorService.java:35)
	at org.junit.platform.engine.support.hierarchical.HierarchicalTestExecutor.execute(HierarchicalTestExecutor.java:57)
	at org.junit.platform.engine.support.hierarchical.HierarchicalTestEngine.execute(HierarchicalTestEngine.java:54)
	at org.junit.platform.launcher.core.EngineExecutionOrchestrator.execute(EngineExecutionOrchestrator.java:107)
	at org.junit.platform.launcher.core.EngineExecutionOrchestrator.execute(EngineExecutionOrchestrator.java:88)
	at org.junit.platform.launcher.core.EngineExecutionOrchestrator.lambda$execute$0(EngineExecutionOrchestrator.java:54)
	at org.junit.platform.launcher.core.EngineExecutionOrchestrator.withInterceptedStreams(EngineExecutionOrchestrator.java:67)
	at org.junit.platform.launcher.core.EngineExecutionOrchestrator.execute(EngineExecutionOrchestrator.java:52)
	at org.junit.platform.launcher.core.DefaultLauncher.execute(DefaultLauncher.java:114)
	at org.junit.platform.launcher.core.DefaultLauncher.execute(DefaultLauncher.java:86)
	at org.junit.platform.launcher.core.DefaultLauncherSession$DelegatingLauncher.execute(DefaultLauncherSession.java:86)
	at org.junit.platform.launcher.core.SessionPerRequestLauncher.execute(SessionPerRequestLauncher.java:53)
	at org.gradle.api.internal.tasks.testing.junitplatform.JUnitPlatformTestClassProcessor$CollectAllTestClassesExecutor.processAllTestClasses(JUnitPlatformTestClassProcessor.java:99)
	at org.gradle.api.internal.tasks.testing.junitplatform.JUnitPlatformTestClassProcessor$CollectAllTestClassesExecutor.access$000(JUnitPlatformTestClassProcessor.java:79)
	at org.gradle.api.internal.tasks.testing.junitplatform.JUnitPlatformTestClassProcessor.stop(JUnitPlatformTestClassProcessor.java:75)
	at org.gradle.api.internal.tasks.testing.SuiteTestClassProcessor.stop(SuiteTestClassProcessor.java:62)
	at java.base/jdk.internal.reflect.NativeMethodAccessorImpl.invoke0(Native Method)
	at java.base/jdk.internal.reflect.NativeMethodAccessorImpl.invoke(NativeMethodAccessorImpl.java:62)
	at java.base/jdk.internal.reflect.DelegatingMethodAccessorImpl.invoke(DelegatingMethodAccessorImpl.java:43)
	at java.base/java.lang.reflect.Method.invoke(Method.java:566)
	at org.gradle.internal.dispatch.ReflectionDispatch.dispatch(ReflectionDispatch.java:36)
	at org.gradle.internal.dispatch.ReflectionDispatch.dispatch(ReflectionDispatch.java:24)
	at org.gradle.internal.dispatch.ContextClassLoaderDispatch.dispatch(ContextClassLoaderDispatch.java:33)
	at org.gradle.internal.dispatch.ProxyDispatchAdapter$DispatchingInvocationHandler.invoke(ProxyDispatchAdapter.java:94)
	at com.sun.proxy.$Proxy2.stop(Unknown Source)
	at org.gradle.api.internal.tasks.testing.worker.TestWorker$3.run(TestWorker.java:193)
	at org.gradle.api.internal.tasks.testing.worker.TestWorker.executeAndMaintainThreadName(TestWorker.java:129)
	at org.gradle.api.internal.tasks.testing.worker.TestWorker.execute(TestWorker.java:100)
	at org.gradle.api.internal.tasks.testing.worker.TestWorker.execute(TestWorker.java:60)
	at org.gradle.process.internal.worker.child.ActionExecutionWorker.execute(ActionExecutionWorker.java:56)
	at org.gradle.process.internal.worker.child.SystemApplicationClassLoaderWorker.call(SystemApplicationClassLoaderWorker.java:113)
	at org.gradle.process.internal.worker.child.SystemApplicationClassLoaderWorker.call(SystemApplicationClassLoaderWorker.java:65)
	at worker.org.gradle.process.internal.worker.GradleWorkerMain.run(GradleWorkerMain.java:69)
	at worker.org.gradle.process.internal.worker.GradleWorkerMain.main(GradleWorkerMain.java:74)
Caused by: org.springframework.beans.factory.NoSuchBeanDefinitionException: No qualifying bean of type 'org.springframework.web.client.RestTemplate' available: expected at least 1 bean which qualifies as autowire candidate. Dependency annotations: {@org.springframework.beans.factory.annotation.Autowired(required=true)}
	at org.springframework.beans.factory.support.DefaultListableBeanFactory.raiseNoMatchingBeanFound(DefaultListableBeanFactory.java:1801)
	at org.springframework.beans.factory.support.DefaultListableBeanFactory.doResolveDependency(DefaultListableBeanFactory.java:1357)
	at org.springframework.beans.factory.support.DefaultListableBeanFactory.resolveDependency(DefaultListableBeanFactory.java:1311)
	at org.springframework.beans.factory.annotation.AutowiredAnnotationBeanPostProcessor$AutowiredFieldElement.resolveFieldValue(AutowiredAnnotationBeanPostProcessor.java:657)
	... 92 common frames omitted
[2023-01-27 13:53:05:622][Test worker] INFO  c.u.b.m.service.AuthServiceTest - Starting AuthServiceTest using Java 11.0.2 on DESKTOP-SIG7LQ4 with PID 19516 (started by MSI in C:\study\blueIsland\blueIsland)
[2023-01-27 13:53:05:623][Test worker] INFO  c.u.b.m.service.AuthServiceTest - No active profile set, falling back to 1 default profile: "default"
[2023-01-27 13:53:05:631][background-preinit] INFO  o.h.validator.internal.util.Version - HV000001: Hibernate Validator 6.2.5.Final
[2023-01-27 13:53:07:3237][Test worker] INFO  o.s.s.w.DefaultSecurityFilterChain - Will secure any request with [org.springframework.security.web.session.DisableEncodeUrlFilter@448892f1, org.springframework.security.web.context.request.async.WebAsyncManagerIntegrationFilter@1626bddf, org.springframework.security.web.context.SecurityContextPersistenceFilter@68c4a860, org.springframework.security.web.header.HeaderWriterFilter@6f655dbd, org.springframework.web.filter.CorsFilter@29532e91, org.springframework.security.web.authentication.logout.LogoutFilter@bb6869a, com.uni.blueisland.jwt.JwtFilter@7e691624, org.springframework.security.web.savedrequest.RequestCacheAwareFilter@5034681f, org.springframework.security.web.servletapi.SecurityContextHolderAwareRequestFilter@1dfe5dd1, org.springframework.security.web.authentication.AnonymousAuthenticationFilter@7ef60c02, org.springframework.security.web.session.SessionManagementFilter@3a751535, org.springframework.security.web.access.ExceptionTranslationFilter@6e67a8c0, org.springframework.security.web.access.intercept.FilterSecurityInterceptor@4cadd4d4]
[2023-01-27 13:53:08:4274][Test worker] INFO  c.u.b.m.service.AuthServiceTest - Started AuthServiceTest in 3.985 seconds (JVM running for 5.05)
[2023-01-27 13:53:08:4311][Test worker] INFO  com.zaxxer.hikari.HikariDataSource - HikariPool-1 - Starting...
[2023-01-27 13:53:09:4640][Test worker] INFO  com.zaxxer.hikari.HikariDataSource - HikariPool-1 - Start completed.
[2023-01-27 13:53:09:4647][Test worker] INFO  o.s.t.c.t.TransactionContext - Began transaction (1) for test context [DefaultTestContext@492fc69e testClass = AuthServiceTest, testInstance = com.uni.blueisland.member.service.AuthServiceTest@68af8288, testMethod = 회원가입@AuthServiceTest, testException = [null], mergedContextConfiguration = [WebMergedContextConfiguration@117632cf testClass = AuthServiceTest, locations = '{}', classes = '{class com.uni.blueisland.BlueIslandApplication}', contextInitializerClasses = '[]', activeProfiles = '{}', propertySourceLocations = '{}', propertySourceProperties = '{org.springframework.boot.test.context.SpringBootTestContextBootstrapper=true}', contextCustomizers = set[org.springframework.boot.test.autoconfigure.actuate.metrics.MetricsExportContextCustomizerFactory$DisableMetricExportContextCustomizer@5b07730f, org.springframework.boot.test.autoconfigure.properties.PropertyMappingContextCustomizer@0, org.springframework.boot.test.autoconfigure.web.servlet.WebDriverContextCustomizerFactory$Customizer@3b220bcb, org.springframework.boot.test.context.filter.ExcludeFilterContextCustomizer@12bfd80d, org.springframework.boot.test.json.DuplicateJsonObjectContextCustomizerFactory$DuplicateJsonObjectContextCustomizer@6c6c5427, org.springframework.boot.test.mock.mockito.MockitoContextCustomizer@0, org.springframework.boot.test.web.client.TestRestTemplateContextCustomizer@207ea13, org.springframework.boot.test.context.SpringBootTestArgs@1, org.springframework.boot.test.context.SpringBootTestWebEnvironment@3116c353], resourceBasePath = 'src/main/webapp', contextLoader = 'org.springframework.boot.test.context.SpringBootContextLoader', parent = [null]], attributes = map['org.springframework.test.context.web.ServletTestExecutionListener.activateListener' -> true, 'org.springframework.test.context.web.ServletTestExecutionListener.populatedRequestContextHolder' -> true, 'org.springframework.test.context.web.ServletTestExecutionListener.resetRequestContextHolder' -> true, 'org.springframework.test.context.event.ApplicationEventsTestExecutionListener.recordApplicationEvents' -> false]]; transaction manager [org.springframework.jdbc.support.JdbcTransactionManager@8dc3019]; rollback [true]
[2023-01-27 13:53:09:4966][Test worker] INFO  o.s.t.c.t.TransactionContext - Rolled back transaction for test: [DefaultTestContext@492fc69e testClass = AuthServiceTest, testInstance = com.uni.blueisland.member.service.AuthServiceTest@68af8288, testMethod = 회원가입@AuthServiceTest, testException = java.lang.NullPointerException, mergedContextConfiguration = [WebMergedContextConfiguration@117632cf testClass = AuthServiceTest, locations = '{}', classes = '{class com.uni.blueisland.BlueIslandApplication}', contextInitializerClasses = '[]', activeProfiles = '{}', propertySourceLocations = '{}', propertySourceProperties = '{org.springframework.boot.test.context.SpringBootTestContextBootstrapper=true}', contextCustomizers = set[org.springframework.boot.test.autoconfigure.actuate.metrics.MetricsExportContextCustomizerFactory$DisableMetricExportContextCustomizer@5b07730f, org.springframework.boot.test.autoconfigure.properties.PropertyMappingContextCustomizer@0, org.springframework.boot.test.autoconfigure.web.servlet.WebDriverContextCustomizerFactory$Customizer@3b220bcb, org.springframework.boot.test.context.filter.ExcludeFilterContextCustomizer@12bfd80d, org.springframework.boot.test.json.DuplicateJsonObjectContextCustomizerFactory$DuplicateJsonObjectContextCustomizer@6c6c5427, org.springframework.boot.test.mock.mockito.MockitoContextCustomizer@0, org.springframework.boot.test.web.client.TestRestTemplateContextCustomizer@207ea13, org.springframework.boot.test.context.SpringBootTestArgs@1, org.springframework.boot.test.context.SpringBootTestWebEnvironment@3116c353], resourceBasePath = 'src/main/webapp', contextLoader = 'org.springframework.boot.test.context.SpringBootContextLoader', parent = [null]], attributes = map['org.springframework.test.context.web.ServletTestExecutionListener.activateListener' -> true, 'org.springframework.test.context.web.ServletTestExecutionListener.populatedRequestContextHolder' -> true, 'org.springframework.test.context.web.ServletTestExecutionListener.resetRequestContextHolder' -> true, 'org.springframework.test.context.event.ApplicationEventsTestExecutionListener.recordApplicationEvents' -> false]]
[2023-01-27 13:53:09:5001][SpringApplicationShutdownHook] INFO  com.zaxxer.hikari.HikariDataSource - HikariPool-1 - Shutdown initiated...
[2023-01-27 13:53:09:5012][SpringApplicationShutdownHook] INFO  com.zaxxer.hikari.HikariDataSource - HikariPool-1 - Shutdown completed.
[2023-01-27 14:03:03:645][background-preinit] INFO  o.h.validator.internal.util.Version - HV000001: Hibernate Validator 6.2.5.Final
[2023-01-27 14:03:03:648][Test worker] INFO  c.u.b.m.service.AuthServiceTest - Starting AuthServiceTest using Java 11.0.2 on DESKTOP-SIG7LQ4 with PID 11548 (started by MSI in C:\study\blueIsland\blueIsland)
[2023-01-27 14:03:03:650][Test worker] INFO  c.u.b.m.service.AuthServiceTest - No active profile set, falling back to 1 default profile: "default"
[2023-01-27 14:03:05:2362][Test worker] INFO  o.s.b.w.e.tomcat.TomcatWebServer - Tomcat initialized with port(s): 0 (http)
[2023-01-27 14:03:05:2380][Test worker] INFO  o.a.coyote.http11.Http11NioProtocol - Initializing ProtocolHandler ["http-nio-auto-1"]
[2023-01-27 14:03:05:2381][Test worker] INFO  o.a.catalina.core.StandardService - Starting service [Tomcat]
[2023-01-27 14:03:05:2382][Test worker] INFO  o.a.catalina.core.StandardEngine - Starting Servlet engine: [Apache Tomcat/9.0.71]
[2023-01-27 14:03:05:2548][Test worker] INFO  o.a.c.c.C.[Tomcat].[localhost].[/] - Initializing Spring embedded WebApplicationContext
[2023-01-27 14:03:05:2549][Test worker] INFO  o.s.b.w.s.c.ServletWebServerApplicationContext - Root WebApplicationContext: initialization completed in 1885 ms
[2023-01-27 14:03:06:3907][Test worker] INFO  o.s.s.w.DefaultSecurityFilterChain - Will secure any request with [org.springframework.security.web.session.DisableEncodeUrlFilter@6821c63c, org.springframework.security.web.context.request.async.WebAsyncManagerIntegrationFilter@c2f7c63, org.springframework.security.web.context.SecurityContextPersistenceFilter@4e80960a, org.springframework.security.web.header.HeaderWriterFilter@726ef6aa, org.springframework.web.filter.CorsFilter@4790b897, org.springframework.security.web.authentication.logout.LogoutFilter@44618fe6, com.uni.blueisland.jwt.JwtFilter@5cba890e, org.springframework.security.web.savedrequest.RequestCacheAwareFilter@5bccef9f, org.springframework.security.web.servletapi.SecurityContextHolderAwareRequestFilter@1136122a, org.springframework.security.web.authentication.AnonymousAuthenticationFilter@3a4cb483, org.springframework.security.web.session.SessionManagementFilter@4cb82b09, org.springframework.security.web.access.ExceptionTranslationFilter@3883b5e9, org.springframework.security.web.access.intercept.FilterSecurityInterceptor@780a91d0]
[2023-01-27 14:03:07:4580][Test worker] INFO  o.a.coyote.http11.Http11NioProtocol - Starting ProtocolHandler ["http-nio-auto-1"]
[2023-01-27 14:03:07:4592][Test worker] INFO  o.s.b.w.e.tomcat.TomcatWebServer - Tomcat started on port(s): 62394 (http) with context path ''
[2023-01-27 14:03:07:4871][Test worker] INFO  c.u.b.m.service.AuthServiceTest - Started AuthServiceTest in 4.567 seconds (JVM running for 5.697)
[2023-01-27 14:03:07:4900][Test worker] ERROR o.s.test.context.TestContextManager - Caught exception while allowing TestExecutionListener [org.springframework.boot.test.autoconfigure.SpringBootDependencyInjectionTestExecutionListener@420bc288] to prepare test instance [com.uni.blueisland.member.service.AuthServiceTest@30457e14]
org.springframework.beans.factory.UnsatisfiedDependencyException: Error creating bean with name 'com.uni.blueisland.member.service.AuthServiceTest': Unsatisfied dependency expressed through field 'restTemplate'; nested exception is org.springframework.beans.factory.NoSuchBeanDefinitionException: No qualifying bean of type 'org.springframework.web.client.RestTemplate' available: expected at least 1 bean which qualifies as autowire candidate. Dependency annotations: {@org.springframework.beans.factory.annotation.Autowired(required=true)}
	at org.springframework.beans.factory.annotation.AutowiredAnnotationBeanPostProcessor$AutowiredFieldElement.resolveFieldValue(AutowiredAnnotationBeanPostProcessor.java:660)
	at org.springframework.beans.factory.annotation.AutowiredAnnotationBeanPostProcessor$AutowiredFieldElement.inject(AutowiredAnnotationBeanPostProcessor.java:640)
	at org.springframework.beans.factory.annotation.InjectionMetadata.inject(InjectionMetadata.java:119)
	at org.springframework.beans.factory.annotation.AutowiredAnnotationBeanPostProcessor.postProcessProperties(AutowiredAnnotationBeanPostProcessor.java:399)
	at org.springframework.beans.factory.support.AbstractAutowireCapableBeanFactory.populateBean(AbstractAutowireCapableBeanFactory.java:1431)
	at org.springframework.beans.factory.support.AbstractAutowireCapableBeanFactory.autowireBeanProperties(AbstractAutowireCapableBeanFactory.java:417)
	at org.springframework.test.context.support.DependencyInjectionTestExecutionListener.injectDependencies(DependencyInjectionTestExecutionListener.java:119)
	at org.springframework.test.context.support.DependencyInjectionTestExecutionListener.prepareTestInstance(DependencyInjectionTestExecutionListener.java:83)
	at org.springframework.boot.test.autoconfigure.SpringBootDependencyInjectionTestExecutionListener.prepareTestInstance(SpringBootDependencyInjectionTestExecutionListener.java:43)
	at org.springframework.test.context.TestContextManager.prepareTestInstance(TestContextManager.java:248)
	at org.springframework.test.context.junit.jupiter.SpringExtension.postProcessTestInstance(SpringExtension.java:138)
	at org.junit.jupiter.engine.descriptor.ClassBasedTestDescriptor.lambda$invokeTestInstancePostProcessors$8(ClassBasedTestDescriptor.java:363)
	at org.junit.jupiter.engine.descriptor.ClassBasedTestDescriptor.executeAndMaskThrowable(ClassBasedTestDescriptor.java:368)
	at org.junit.jupiter.engine.descriptor.ClassBasedTestDescriptor.lambda$invokeTestInstancePostProcessors$9(ClassBasedTestDescriptor.java:363)
	at java.base/java.util.stream.ReferencePipeline$3$1.accept(ReferencePipeline.java:195)
	at java.base/java.util.stream.ReferencePipeline$2$1.accept(ReferencePipeline.java:177)
	at java.base/java.util.ArrayList$ArrayListSpliterator.forEachRemaining(ArrayList.java:1654)
	at java.base/java.util.stream.AbstractPipeline.copyInto(AbstractPipeline.java:484)
	at java.base/java.util.stream.AbstractPipeline.wrapAndCopyInto(AbstractPipeline.java:474)
	at java.base/java.util.stream.StreamSpliterators$WrappingSpliterator.forEachRemaining(StreamSpliterators.java:312)
	at java.base/java.util.stream.Streams$ConcatSpliterator.forEachRemaining(Streams.java:735)
	at java.base/java.util.stream.Streams$ConcatSpliterator.forEachRemaining(Streams.java:734)
	at java.base/java.util.stream.ReferencePipeline$Head.forEach(ReferencePipeline.java:658)
	at org.junit.jupiter.engine.descriptor.ClassBasedTestDescriptor.invokeTestInstancePostProcessors(ClassBasedTestDescriptor.java:362)
	at org.junit.jupiter.engine.descriptor.ClassBasedTestDescriptor.lambda$instantiateAndPostProcessTestInstance$6(ClassBasedTestDescriptor.java:283)
	at org.junit.platform.engine.support.hierarchical.ThrowableCollector.execute(ThrowableCollector.java:73)
	at org.junit.jupiter.engine.descriptor.ClassBasedTestDescriptor.instantiateAndPostProcessTestInstance(ClassBasedTestDescriptor.java:282)
	at org.junit.jupiter.engine.descriptor.ClassBasedTestDescriptor.lambda$testInstancesProvider$4(ClassBasedTestDescriptor.java:272)
	at java.base/java.util.Optional.orElseGet(Optional.java:369)
	at org.junit.jupiter.engine.descriptor.ClassBasedTestDescriptor.lambda$testInstancesProvider$5(ClassBasedTestDescriptor.java:271)
	at org.junit.jupiter.engine.execution.TestInstancesProvider.getTestInstances(TestInstancesProvider.java:31)
	at org.junit.jupiter.engine.descriptor.TestMethodTestDescriptor.lambda$prepare$0(TestMethodTestDescriptor.java:102)
	at org.junit.platform.engine.support.hierarchical.ThrowableCollector.execute(ThrowableCollector.java:73)
	at org.junit.jupiter.engine.descriptor.TestMethodTestDescriptor.prepare(TestMethodTestDescriptor.java:101)
	at org.junit.jupiter.engine.descriptor.TestMethodTestDescriptor.prepare(TestMethodTestDescriptor.java:66)
	at org.junit.platform.engine.support.hierarchical.NodeTestTask.lambda$prepare$2(NodeTestTask.java:123)
	at org.junit.platform.engine.support.hierarchical.ThrowableCollector.execute(ThrowableCollector.java:73)
	at org.junit.platform.engine.support.hierarchical.NodeTestTask.prepare(NodeTestTask.java:123)
	at org.junit.platform.engine.support.hierarchical.NodeTestTask.execute(NodeTestTask.java:90)
	at java.base/java.util.ArrayList.forEach(ArrayList.java:1540)
	at org.junit.platform.engine.support.hierarchical.SameThreadHierarchicalTestExecutorService.invokeAll(SameThreadHierarchicalTestExecutorService.java:41)
	at org.junit.platform.engine.support.hierarchical.NodeTestTask.lambda$executeRecursively$6(NodeTestTask.java:155)
	at org.junit.platform.engine.support.hierarchical.ThrowableCollector.execute(ThrowableCollector.java:73)
	at org.junit.platform.engine.support.hierarchical.NodeTestTask.lambda$executeRecursively$8(NodeTestTask.java:141)
	at org.junit.platform.engine.support.hierarchical.Node.around(Node.java:137)
	at org.junit.platform.engine.support.hierarchical.NodeTestTask.lambda$executeRecursively$9(NodeTestTask.java:139)
	at org.junit.platform.engine.support.hierarchical.ThrowableCollector.execute(ThrowableCollector.java:73)
	at org.junit.platform.engine.support.hierarchical.NodeTestTask.executeRecursively(NodeTestTask.java:138)
	at org.junit.platform.engine.support.hierarchical.NodeTestTask.execute(NodeTestTask.java:95)
	at java.base/java.util.ArrayList.forEach(ArrayList.java:1540)
	at org.junit.platform.engine.support.hierarchical.SameThreadHierarchicalTestExecutorService.invokeAll(SameThreadHierarchicalTestExecutorService.java:41)
	at org.junit.platform.engine.support.hierarchical.NodeTestTask.lambda$executeRecursively$6(NodeTestTask.java:155)
	at org.junit.platform.engine.support.hierarchical.ThrowableCollector.execute(ThrowableCollector.java:73)
	at org.junit.platform.engine.support.hierarchical.NodeTestTask.lambda$executeRecursively$8(NodeTestTask.java:141)
	at org.junit.platform.engine.support.hierarchical.Node.around(Node.java:137)
	at org.junit.platform.engine.support.hierarchical.NodeTestTask.lambda$executeRecursively$9(NodeTestTask.java:139)
	at org.junit.platform.engine.support.hierarchical.ThrowableCollector.execute(ThrowableCollector.java:73)
	at org.junit.platform.engine.support.hierarchical.NodeTestTask.executeRecursively(NodeTestTask.java:138)
	at org.junit.platform.engine.support.hierarchical.NodeTestTask.execute(NodeTestTask.java:95)
	at org.junit.platform.engine.support.hierarchical.SameThreadHierarchicalTestExecutorService.submit(SameThreadHierarchicalTestExecutorService.java:35)
	at org.junit.platform.engine.support.hierarchical.HierarchicalTestExecutor.execute(HierarchicalTestExecutor.java:57)
	at org.junit.platform.engine.support.hierarchical.HierarchicalTestEngine.execute(HierarchicalTestEngine.java:54)
	at org.junit.platform.launcher.core.EngineExecutionOrchestrator.execute(EngineExecutionOrchestrator.java:107)
	at org.junit.platform.launcher.core.EngineExecutionOrchestrator.execute(EngineExecutionOrchestrator.java:88)
	at org.junit.platform.launcher.core.EngineExecutionOrchestrator.lambda$execute$0(EngineExecutionOrchestrator.java:54)
	at org.junit.platform.launcher.core.EngineExecutionOrchestrator.withInterceptedStreams(EngineExecutionOrchestrator.java:67)
	at org.junit.platform.launcher.core.EngineExecutionOrchestrator.execute(EngineExecutionOrchestrator.java:52)
	at org.junit.platform.launcher.core.DefaultLauncher.execute(DefaultLauncher.java:114)
	at org.junit.platform.launcher.core.DefaultLauncher.execute(DefaultLauncher.java:86)
	at org.junit.platform.launcher.core.DefaultLauncherSession$DelegatingLauncher.execute(DefaultLauncherSession.java:86)
	at org.junit.platform.launcher.core.SessionPerRequestLauncher.execute(SessionPerRequestLauncher.java:53)
	at org.gradle.api.internal.tasks.testing.junitplatform.JUnitPlatformTestClassProcessor$CollectAllTestClassesExecutor.processAllTestClasses(JUnitPlatformTestClassProcessor.java:99)
	at org.gradle.api.internal.tasks.testing.junitplatform.JUnitPlatformTestClassProcessor$CollectAllTestClassesExecutor.access$000(JUnitPlatformTestClassProcessor.java:79)
	at org.gradle.api.internal.tasks.testing.junitplatform.JUnitPlatformTestClassProcessor.stop(JUnitPlatformTestClassProcessor.java:75)
	at org.gradle.api.internal.tasks.testing.SuiteTestClassProcessor.stop(SuiteTestClassProcessor.java:62)
	at java.base/jdk.internal.reflect.NativeMethodAccessorImpl.invoke0(Native Method)
	at java.base/jdk.internal.reflect.NativeMethodAccessorImpl.invoke(NativeMethodAccessorImpl.java:62)
	at java.base/jdk.internal.reflect.DelegatingMethodAccessorImpl.invoke(DelegatingMethodAccessorImpl.java:43)
	at java.base/java.lang.reflect.Method.invoke(Method.java:566)
	at org.gradle.internal.dispatch.ReflectionDispatch.dispatch(ReflectionDispatch.java:36)
	at org.gradle.internal.dispatch.ReflectionDispatch.dispatch(ReflectionDispatch.java:24)
	at org.gradle.internal.dispatch.ContextClassLoaderDispatch.dispatch(ContextClassLoaderDispatch.java:33)
	at org.gradle.internal.dispatch.ProxyDispatchAdapter$DispatchingInvocationHandler.invoke(ProxyDispatchAdapter.java:94)
	at com.sun.proxy.$Proxy2.stop(Unknown Source)
	at org.gradle.api.internal.tasks.testing.worker.TestWorker$3.run(TestWorker.java:193)
	at org.gradle.api.internal.tasks.testing.worker.TestWorker.executeAndMaintainThreadName(TestWorker.java:129)
	at org.gradle.api.internal.tasks.testing.worker.TestWorker.execute(TestWorker.java:100)
	at org.gradle.api.internal.tasks.testing.worker.TestWorker.execute(TestWorker.java:60)
	at org.gradle.process.internal.worker.child.ActionExecutionWorker.execute(ActionExecutionWorker.java:56)
	at org.gradle.process.internal.worker.child.SystemApplicationClassLoaderWorker.call(SystemApplicationClassLoaderWorker.java:113)
	at org.gradle.process.internal.worker.child.SystemApplicationClassLoaderWorker.call(SystemApplicationClassLoaderWorker.java:65)
	at worker.org.gradle.process.internal.worker.GradleWorkerMain.run(GradleWorkerMain.java:69)
	at worker.org.gradle.process.internal.worker.GradleWorkerMain.main(GradleWorkerMain.java:74)
Caused by: org.springframework.beans.factory.NoSuchBeanDefinitionException: No qualifying bean of type 'org.springframework.web.client.RestTemplate' available: expected at least 1 bean which qualifies as autowire candidate. Dependency annotations: {@org.springframework.beans.factory.annotation.Autowired(required=true)}
	at org.springframework.beans.factory.support.DefaultListableBeanFactory.raiseNoMatchingBeanFound(DefaultListableBeanFactory.java:1801)
	at org.springframework.beans.factory.support.DefaultListableBeanFactory.doResolveDependency(DefaultListableBeanFactory.java:1357)
	at org.springframework.beans.factory.support.DefaultListableBeanFactory.resolveDependency(DefaultListableBeanFactory.java:1311)
	at org.springframework.beans.factory.annotation.AutowiredAnnotationBeanPostProcessor$AutowiredFieldElement.resolveFieldValue(AutowiredAnnotationBeanPostProcessor.java:657)
	... 92 common frames omitted
[2023-01-27 14:04:54:617][background-preinit] INFO  o.h.validator.internal.util.Version - HV000001: Hibernate Validator 6.2.5.Final
[2023-01-27 14:04:54:619][Test worker] INFO  c.u.b.m.service.AuthServiceTest - Starting AuthServiceTest using Java 11.0.2 on DESKTOP-SIG7LQ4 with PID 15628 (started by MSI in C:\study\blueIsland\blueIsland)
[2023-01-27 14:04:54:621][Test worker] INFO  c.u.b.m.service.AuthServiceTest - No active profile set, falling back to 1 default profile: "default"
[2023-01-27 14:04:54:1186][Test worker] INFO  c.u.b.m.service.AuthServiceTest - Started AuthServiceTest in 0.95 seconds (JVM running for 1.981)
[2023-01-27 14:04:54:1205][Test worker] ERROR o.s.test.context.TestContextManager - Caught exception while allowing TestExecutionListener [org.springframework.boot.test.autoconfigure.SpringBootDependencyInjectionTestExecutionListener@579d011c] to prepare test instance [com.uni.blueisland.member.service.AuthServiceTest@67af833b]
org.springframework.beans.factory.UnsatisfiedDependencyException: Error creating bean with name 'com.uni.blueisland.member.service.AuthServiceTest': Unsatisfied dependency expressed through field 'authService'; nested exception is org.springframework.beans.factory.NoSuchBeanDefinitionException: No qualifying bean of type 'com.uni.blueisland.member.service.AuthService' available: expected at least 1 bean which qualifies as autowire candidate. Dependency annotations: {@org.springframework.beans.factory.annotation.Autowired(required=true)}
	at org.springframework.beans.factory.annotation.AutowiredAnnotationBeanPostProcessor$AutowiredFieldElement.resolveFieldValue(AutowiredAnnotationBeanPostProcessor.java:660)
	at org.springframework.beans.factory.annotation.AutowiredAnnotationBeanPostProcessor$AutowiredFieldElement.inject(AutowiredAnnotationBeanPostProcessor.java:640)
	at org.springframework.beans.factory.annotation.InjectionMetadata.inject(InjectionMetadata.java:119)
	at org.springframework.beans.factory.annotation.AutowiredAnnotationBeanPostProcessor.postProcessProperties(AutowiredAnnotationBeanPostProcessor.java:399)
	at org.springframework.beans.factory.support.AbstractAutowireCapableBeanFactory.populateBean(AbstractAutowireCapableBeanFactory.java:1431)
	at org.springframework.beans.factory.support.AbstractAutowireCapableBeanFactory.autowireBeanProperties(AbstractAutowireCapableBeanFactory.java:417)
	at org.springframework.test.context.support.DependencyInjectionTestExecutionListener.injectDependencies(DependencyInjectionTestExecutionListener.java:119)
	at org.springframework.test.context.support.DependencyInjectionTestExecutionListener.prepareTestInstance(DependencyInjectionTestExecutionListener.java:83)
	at org.springframework.boot.test.autoconfigure.SpringBootDependencyInjectionTestExecutionListener.prepareTestInstance(SpringBootDependencyInjectionTestExecutionListener.java:43)
	at org.springframework.test.context.TestContextManager.prepareTestInstance(TestContextManager.java:248)
	at org.springframework.test.context.junit.jupiter.SpringExtension.postProcessTestInstance(SpringExtension.java:138)
	at org.junit.jupiter.engine.descriptor.ClassBasedTestDescriptor.lambda$invokeTestInstancePostProcessors$8(ClassBasedTestDescriptor.java:363)
	at org.junit.jupiter.engine.descriptor.ClassBasedTestDescriptor.executeAndMaskThrowable(ClassBasedTestDescriptor.java:368)
	at org.junit.jupiter.engine.descriptor.ClassBasedTestDescriptor.lambda$invokeTestInstancePostProcessors$9(ClassBasedTestDescriptor.java:363)
	at java.base/java.util.stream.ReferencePipeline$3$1.accept(ReferencePipeline.java:195)
	at java.base/java.util.stream.ReferencePipeline$2$1.accept(ReferencePipeline.java:177)
	at java.base/java.util.ArrayList$ArrayListSpliterator.forEachRemaining(ArrayList.java:1654)
	at java.base/java.util.stream.AbstractPipeline.copyInto(AbstractPipeline.java:484)
	at java.base/java.util.stream.AbstractPipeline.wrapAndCopyInto(AbstractPipeline.java:474)
	at java.base/java.util.stream.StreamSpliterators$WrappingSpliterator.forEachRemaining(StreamSpliterators.java:312)
	at java.base/java.util.stream.Streams$ConcatSpliterator.forEachRemaining(Streams.java:735)
	at java.base/java.util.stream.Streams$ConcatSpliterator.forEachRemaining(Streams.java:734)
	at java.base/java.util.stream.ReferencePipeline$Head.forEach(ReferencePipeline.java:658)
	at org.junit.jupiter.engine.descriptor.ClassBasedTestDescriptor.invokeTestInstancePostProcessors(ClassBasedTestDescriptor.java:362)
	at org.junit.jupiter.engine.descriptor.ClassBasedTestDescriptor.lambda$instantiateAndPostProcessTestInstance$6(ClassBasedTestDescriptor.java:283)
	at org.junit.platform.engine.support.hierarchical.ThrowableCollector.execute(ThrowableCollector.java:73)
	at org.junit.jupiter.engine.descriptor.ClassBasedTestDescriptor.instantiateAndPostProcessTestInstance(ClassBasedTestDescriptor.java:282)
	at org.junit.jupiter.engine.descriptor.ClassBasedTestDescriptor.lambda$testInstancesProvider$4(ClassBasedTestDescriptor.java:272)
	at java.base/java.util.Optional.orElseGet(Optional.java:369)
	at org.junit.jupiter.engine.descriptor.ClassBasedTestDescriptor.lambda$testInstancesProvider$5(ClassBasedTestDescriptor.java:271)
	at org.junit.jupiter.engine.execution.TestInstancesProvider.getTestInstances(TestInstancesProvider.java:31)
	at org.junit.jupiter.engine.descriptor.TestMethodTestDescriptor.lambda$prepare$0(TestMethodTestDescriptor.java:102)
	at org.junit.platform.engine.support.hierarchical.ThrowableCollector.execute(ThrowableCollector.java:73)
	at org.junit.jupiter.engine.descriptor.TestMethodTestDescriptor.prepare(TestMethodTestDescriptor.java:101)
	at org.junit.jupiter.engine.descriptor.TestMethodTestDescriptor.prepare(TestMethodTestDescriptor.java:66)
	at org.junit.platform.engine.support.hierarchical.NodeTestTask.lambda$prepare$2(NodeTestTask.java:123)
	at org.junit.platform.engine.support.hierarchical.ThrowableCollector.execute(ThrowableCollector.java:73)
	at org.junit.platform.engine.support.hierarchical.NodeTestTask.prepare(NodeTestTask.java:123)
	at org.junit.platform.engine.support.hierarchical.NodeTestTask.execute(NodeTestTask.java:90)
	at java.base/java.util.ArrayList.forEach(ArrayList.java:1540)
	at org.junit.platform.engine.support.hierarchical.SameThreadHierarchicalTestExecutorService.invokeAll(SameThreadHierarchicalTestExecutorService.java:41)
	at org.junit.platform.engine.support.hierarchical.NodeTestTask.lambda$executeRecursively$6(NodeTestTask.java:155)
	at org.junit.platform.engine.support.hierarchical.ThrowableCollector.execute(ThrowableCollector.java:73)
	at org.junit.platform.engine.support.hierarchical.NodeTestTask.lambda$executeRecursively$8(NodeTestTask.java:141)
	at org.junit.platform.engine.support.hierarchical.Node.around(Node.java:137)
	at org.junit.platform.engine.support.hierarchical.NodeTestTask.lambda$executeRecursively$9(NodeTestTask.java:139)
	at org.junit.platform.engine.support.hierarchical.ThrowableCollector.execute(ThrowableCollector.java:73)
	at org.junit.platform.engine.support.hierarchical.NodeTestTask.executeRecursively(NodeTestTask.java:138)
	at org.junit.platform.engine.support.hierarchical.NodeTestTask.execute(NodeTestTask.java:95)
	at java.base/java.util.ArrayList.forEach(ArrayList.java:1540)
	at org.junit.platform.engine.support.hierarchical.SameThreadHierarchicalTestExecutorService.invokeAll(SameThreadHierarchicalTestExecutorService.java:41)
	at org.junit.platform.engine.support.hierarchical.NodeTestTask.lambda$executeRecursively$6(NodeTestTask.java:155)
	at org.junit.platform.engine.support.hierarchical.ThrowableCollector.execute(ThrowableCollector.java:73)
	at org.junit.platform.engine.support.hierarchical.NodeTestTask.lambda$executeRecursively$8(NodeTestTask.java:141)
	at org.junit.platform.engine.support.hierarchical.Node.around(Node.java:137)
	at org.junit.platform.engine.support.hierarchical.NodeTestTask.lambda$executeRecursively$9(NodeTestTask.java:139)
	at org.junit.platform.engine.support.hierarchical.ThrowableCollector.execute(ThrowableCollector.java:73)
	at org.junit.platform.engine.support.hierarchical.NodeTestTask.executeRecursively(NodeTestTask.java:138)
	at org.junit.platform.engine.support.hierarchical.NodeTestTask.execute(NodeTestTask.java:95)
	at org.junit.platform.engine.support.hierarchical.SameThreadHierarchicalTestExecutorService.submit(SameThreadHierarchicalTestExecutorService.java:35)
	at org.junit.platform.engine.support.hierarchical.HierarchicalTestExecutor.execute(HierarchicalTestExecutor.java:57)
	at org.junit.platform.engine.support.hierarchical.HierarchicalTestEngine.execute(HierarchicalTestEngine.java:54)
	at org.junit.platform.launcher.core.EngineExecutionOrchestrator.execute(EngineExecutionOrchestrator.java:107)
	at org.junit.platform.launcher.core.EngineExecutionOrchestrator.execute(EngineExecutionOrchestrator.java:88)
	at org.junit.platform.launcher.core.EngineExecutionOrchestrator.lambda$execute$0(EngineExecutionOrchestrator.java:54)
	at org.junit.platform.launcher.core.EngineExecutionOrchestrator.withInterceptedStreams(EngineExecutionOrchestrator.java:67)
	at org.junit.platform.launcher.core.EngineExecutionOrchestrator.execute(EngineExecutionOrchestrator.java:52)
	at org.junit.platform.launcher.core.DefaultLauncher.execute(DefaultLauncher.java:114)
	at org.junit.platform.launcher.core.DefaultLauncher.execute(DefaultLauncher.java:86)
	at org.junit.platform.launcher.core.DefaultLauncherSession$DelegatingLauncher.execute(DefaultLauncherSession.java:86)
	at org.junit.platform.launcher.core.SessionPerRequestLauncher.execute(SessionPerRequestLauncher.java:53)
	at org.gradle.api.internal.tasks.testing.junitplatform.JUnitPlatformTestClassProcessor$CollectAllTestClassesExecutor.processAllTestClasses(JUnitPlatformTestClassProcessor.java:99)
	at org.gradle.api.internal.tasks.testing.junitplatform.JUnitPlatformTestClassProcessor$CollectAllTestClassesExecutor.access$000(JUnitPlatformTestClassProcessor.java:79)
	at org.gradle.api.internal.tasks.testing.junitplatform.JUnitPlatformTestClassProcessor.stop(JUnitPlatformTestClassProcessor.java:75)
	at org.gradle.api.internal.tasks.testing.SuiteTestClassProcessor.stop(SuiteTestClassProcessor.java:62)
	at java.base/jdk.internal.reflect.NativeMethodAccessorImpl.invoke0(Native Method)
	at java.base/jdk.internal.reflect.NativeMethodAccessorImpl.invoke(NativeMethodAccessorImpl.java:62)
	at java.base/jdk.internal.reflect.DelegatingMethodAccessorImpl.invoke(DelegatingMethodAccessorImpl.java:43)
	at java.base/java.lang.reflect.Method.invoke(Method.java:566)
	at org.gradle.internal.dispatch.ReflectionDispatch.dispatch(ReflectionDispatch.java:36)
	at org.gradle.internal.dispatch.ReflectionDispatch.dispatch(ReflectionDispatch.java:24)
	at org.gradle.internal.dispatch.ContextClassLoaderDispatch.dispatch(ContextClassLoaderDispatch.java:33)
	at org.gradle.internal.dispatch.ProxyDispatchAdapter$DispatchingInvocationHandler.invoke(ProxyDispatchAdapter.java:94)
	at com.sun.proxy.$Proxy2.stop(Unknown Source)
	at org.gradle.api.internal.tasks.testing.worker.TestWorker$3.run(TestWorker.java:193)
	at org.gradle.api.internal.tasks.testing.worker.TestWorker.executeAndMaintainThreadName(TestWorker.java:129)
	at org.gradle.api.internal.tasks.testing.worker.TestWorker.execute(TestWorker.java:100)
	at org.gradle.api.internal.tasks.testing.worker.TestWorker.execute(TestWorker.java:60)
	at org.gradle.process.internal.worker.child.ActionExecutionWorker.execute(ActionExecutionWorker.java:56)
	at org.gradle.process.internal.worker.child.SystemApplicationClassLoaderWorker.call(SystemApplicationClassLoaderWorker.java:113)
	at org.gradle.process.internal.worker.child.SystemApplicationClassLoaderWorker.call(SystemApplicationClassLoaderWorker.java:65)
	at worker.org.gradle.process.internal.worker.GradleWorkerMain.run(GradleWorkerMain.java:69)
	at worker.org.gradle.process.internal.worker.GradleWorkerMain.main(GradleWorkerMain.java:74)
Caused by: org.springframework.beans.factory.NoSuchBeanDefinitionException: No qualifying bean of type 'com.uni.blueisland.member.service.AuthService' available: expected at least 1 bean which qualifies as autowire candidate. Dependency annotations: {@org.springframework.beans.factory.annotation.Autowired(required=true)}
	at org.springframework.beans.factory.support.DefaultListableBeanFactory.raiseNoMatchingBeanFound(DefaultListableBeanFactory.java:1801)
	at org.springframework.beans.factory.support.DefaultListableBeanFactory.doResolveDependency(DefaultListableBeanFactory.java:1357)
	at org.springframework.beans.factory.support.DefaultListableBeanFactory.resolveDependency(DefaultListableBeanFactory.java:1311)
	at org.springframework.beans.factory.annotation.AutowiredAnnotationBeanPostProcessor$AutowiredFieldElement.resolveFieldValue(AutowiredAnnotationBeanPostProcessor.java:657)
	... 92 common frames omitted
[2023-01-27 14:06:59:670][background-preinit] INFO  o.h.validator.internal.util.Version - HV000001: Hibernate Validator 6.2.5.Final
[2023-01-27 14:06:59:675][Test worker] INFO  c.u.b.m.service.AuthServiceTest - Starting AuthServiceTest using Java 11.0.2 on DESKTOP-SIG7LQ4 with PID 1940 (started by MSI in C:\study\blueIsland\blueIsland)
[2023-01-27 14:06:59:676][Test worker] INFO  c.u.b.m.service.AuthServiceTest - No active profile set, falling back to 1 default profile: "default"
[2023-01-27 14:07:00:2388][Test worker] INFO  o.s.b.w.e.tomcat.TomcatWebServer - Tomcat initialized with port(s): 0 (http)
[2023-01-27 14:07:00:2404][Test worker] INFO  o.a.coyote.http11.Http11NioProtocol - Initializing ProtocolHandler ["http-nio-auto-1"]
[2023-01-27 14:07:00:2405][Test worker] INFO  o.a.catalina.core.StandardService - Starting service [Tomcat]
[2023-01-27 14:07:00:2405][Test worker] INFO  o.a.catalina.core.StandardEngine - Starting Servlet engine: [Apache Tomcat/9.0.71]
[2023-01-27 14:07:01:2568][Test worker] INFO  o.a.c.c.C.[Tomcat].[localhost].[/] - Initializing Spring embedded WebApplicationContext
[2023-01-27 14:07:01:2569][Test worker] INFO  o.s.b.w.s.c.ServletWebServerApplicationContext - Root WebApplicationContext: initialization completed in 1876 ms
[2023-01-27 14:07:02:3933][Test worker] INFO  o.s.s.w.DefaultSecurityFilterChain - Will secure any request with [org.springframework.security.web.session.DisableEncodeUrlFilter@35d81657, org.springframework.security.web.context.request.async.WebAsyncManagerIntegrationFilter@42ef5216, org.springframework.security.web.context.SecurityContextPersistenceFilter@434d001d, org.springframework.security.web.header.HeaderWriterFilter@72288480, org.springframework.web.filter.CorsFilter@3180aee, org.springframework.security.web.authentication.logout.LogoutFilter@19213a74, com.uni.blueisland.jwt.JwtFilter@5d94ac8a, org.springframework.security.web.savedrequest.RequestCacheAwareFilter@6abb44cb, org.springframework.security.web.servletapi.SecurityContextHolderAwareRequestFilter@41ddec69, org.springframework.security.web.authentication.AnonymousAuthenticationFilter@288b73c1, org.springframework.security.web.session.SessionManagementFilter@2ee095c9, org.springframework.security.web.access.ExceptionTranslationFilter@4e80960a, org.springframework.security.web.access.intercept.FilterSecurityInterceptor@3df6494f]
[2023-01-27 14:07:03:4782][Test worker] INFO  o.a.coyote.http11.Http11NioProtocol - Starting ProtocolHandler ["http-nio-auto-1"]
[2023-01-27 14:07:03:4795][Test worker] INFO  o.s.b.w.e.tomcat.TomcatWebServer - Tomcat started on port(s): 62591 (http) with context path ''
[2023-01-27 14:07:03:5095][Test worker] INFO  c.u.b.m.service.AuthServiceTest - Started AuthServiceTest in 4.779 seconds (JVM running for 5.881)
[2023-01-27 14:07:03:5111][Test worker] INFO  com.zaxxer.hikari.HikariDataSource - HikariPool-1 - Starting...
[2023-01-27 14:07:03:5331][Test worker] INFO  com.zaxxer.hikari.HikariDataSource - HikariPool-1 - Start completed.
[2023-01-27 14:07:03:5337][Test worker] INFO  o.s.t.c.t.TransactionContext - Began transaction (1) for test context [DefaultTestContext@d71adc2 testClass = AuthServiceTest, testInstance = com.uni.blueisland.member.service.AuthServiceTest@632aa1a3, testMethod = 회원가입@AuthServiceTest, testException = [null], mergedContextConfiguration = [WebMergedContextConfiguration@3add81c4 testClass = AuthServiceTest, locations = '{}', classes = '{class com.uni.blueisland.BlueIslandApplication}', contextInitializerClasses = '[]', activeProfiles = '{}', propertySourceLocations = '{}', propertySourceProperties = '{org.springframework.boot.test.context.SpringBootTestContextBootstrapper=true, server.port=0}', contextCustomizers = set[org.springframework.boot.test.autoconfigure.actuate.metrics.MetricsExportContextCustomizerFactory$DisableMetricExportContextCustomizer@58ebfd03, org.springframework.boot.test.autoconfigure.properties.PropertyMappingContextCustomizer@0, org.springframework.boot.test.autoconfigure.web.servlet.WebDriverContextCustomizerFactory$Customizer@16ecee1, org.springframework.boot.test.context.filter.ExcludeFilterContextCustomizer@160ac7fb, org.springframework.boot.test.json.DuplicateJsonObjectContextCustomizerFactory$DuplicateJsonObjectContextCustomizer@3f053c80, org.springframework.boot.test.mock.mockito.MockitoContextCustomizer@0, org.springframework.boot.test.web.client.TestRestTemplateContextCustomizer@45cff11c, org.springframework.boot.test.context.SpringBootTestArgs@1, org.springframework.boot.test.context.SpringBootTestWebEnvironment@3224a577], resourceBasePath = 'src/main/webapp', contextLoader = 'org.springframework.boot.test.context.SpringBootContextLoader', parent = [null]], attributes = map['org.springframework.test.context.web.ServletTestExecutionListener.activateListener' -> false, 'org.springframework.test.context.event.ApplicationEventsTestExecutionListener.recordApplicationEvents' -> false]]; transaction manager [org.springframework.jdbc.support.JdbcTransactionManager@3314f179]; rollback [true]
[2023-01-27 14:07:08:9791][Test worker] INFO  o.s.t.c.t.TransactionContext - Rolled back transaction for test: [DefaultTestContext@d71adc2 testClass = AuthServiceTest, testInstance = com.uni.blueisland.member.service.AuthServiceTest@632aa1a3, testMethod = 회원가입@AuthServiceTest, testException = org.springframework.web.client.ResourceAccessException: I/O error on POST request for "http://localhost:8090/auth/signup": Connect to localhost:8090 [localhost/127.0.0.1, localhost/0:0:0:0:0:0:0:1] failed: Connection refused: connect; nested exception is org.apache.http.conn.HttpHostConnectException: Connect to localhost:8090 [localhost/127.0.0.1, localhost/0:0:0:0:0:0:0:1] failed: Connection refused: connect, mergedContextConfiguration = [WebMergedContextConfiguration@3add81c4 testClass = AuthServiceTest, locations = '{}', classes = '{class com.uni.blueisland.BlueIslandApplication}', contextInitializerClasses = '[]', activeProfiles = '{}', propertySourceLocations = '{}', propertySourceProperties = '{org.springframework.boot.test.context.SpringBootTestContextBootstrapper=true, server.port=0}', contextCustomizers = set[org.springframework.boot.test.autoconfigure.actuate.metrics.MetricsExportContextCustomizerFactory$DisableMetricExportContextCustomizer@58ebfd03, org.springframework.boot.test.autoconfigure.properties.PropertyMappingContextCustomizer@0, org.springframework.boot.test.autoconfigure.web.servlet.WebDriverContextCustomizerFactory$Customizer@16ecee1, org.springframework.boot.test.context.filter.ExcludeFilterContextCustomizer@160ac7fb, org.springframework.boot.test.json.DuplicateJsonObjectContextCustomizerFactory$DuplicateJsonObjectContextCustomizer@3f053c80, org.springframework.boot.test.mock.mockito.MockitoContextCustomizer@0, org.springframework.boot.test.web.client.TestRestTemplateContextCustomizer@45cff11c, org.springframework.boot.test.context.SpringBootTestArgs@1, org.springframework.boot.test.context.SpringBootTestWebEnvironment@3224a577], resourceBasePath = 'src/main/webapp', contextLoader = 'org.springframework.boot.test.context.SpringBootContextLoader', parent = [null]], attributes = map['org.springframework.test.context.web.ServletTestExecutionListener.activateListener' -> false, 'org.springframework.test.context.event.ApplicationEventsTestExecutionListener.recordApplicationEvents' -> false]]
[2023-01-27 14:07:08:9969][SpringApplicationShutdownHook] INFO  com.zaxxer.hikari.HikariDataSource - HikariPool-1 - Shutdown initiated...
[2023-01-27 14:07:08:9977][SpringApplicationShutdownHook] INFO  com.zaxxer.hikari.HikariDataSource - HikariPool-1 - Shutdown completed.
[2023-01-27 14:08:03:647][background-preinit] INFO  o.h.validator.internal.util.Version - HV000001: Hibernate Validator 6.2.5.Final
[2023-01-27 14:08:03:649][Test worker] INFO  c.u.b.m.service.AuthServiceTest - Starting AuthServiceTest using Java 11.0.2 on DESKTOP-SIG7LQ4 with PID 18336 (started by MSI in C:\study\blueIsland\blueIsland)
[2023-01-27 14:08:03:650][Test worker] INFO  c.u.b.m.service.AuthServiceTest - No active profile set, falling back to 1 default profile: "default"
[2023-01-27 14:08:04:1978][Test worker] INFO  o.s.b.w.e.tomcat.TomcatWebServer - Tomcat initialized with port(s): 0 (http)
[2023-01-27 14:08:04:1988][Test worker] INFO  o.a.coyote.http11.Http11NioProtocol - Initializing ProtocolHandler ["http-nio-auto-1"]
[2023-01-27 14:08:04:1989][Test worker] INFO  o.a.catalina.core.StandardService - Starting service [Tomcat]
[2023-01-27 14:08:04:1990][Test worker] INFO  o.a.catalina.core.StandardEngine - Starting Servlet engine: [Apache Tomcat/9.0.71]
[2023-01-27 14:08:04:2132][Test worker] INFO  o.a.c.c.C.[Tomcat].[localhost].[/] - Initializing Spring embedded WebApplicationContext
[2023-01-27 14:08:04:2133][Test worker] INFO  o.s.b.w.s.c.ServletWebServerApplicationContext - Root WebApplicationContext: initialization completed in 1469 ms
[2023-01-27 14:08:06:3285][Test worker] INFO  o.s.s.w.DefaultSecurityFilterChain - Will secure any request with [org.springframework.security.web.session.DisableEncodeUrlFilter@180cc0df, org.springframework.security.web.context.request.async.WebAsyncManagerIntegrationFilter@64f33dee, org.springframework.security.web.context.SecurityContextPersistenceFilter@af04f09, org.springframework.security.web.header.HeaderWriterFilter@119f072c, org.springframework.web.filter.CorsFilter@61c58320, org.springframework.security.web.authentication.logout.LogoutFilter@7074da1d, com.uni.blueisland.jwt.JwtFilter@10e4ee33, org.springframework.security.web.savedrequest.RequestCacheAwareFilter@7096d451, org.springframework.security.web.servletapi.SecurityContextHolderAwareRequestFilter@7816454d, org.springframework.security.web.authentication.AnonymousAuthenticationFilter@6e90cec8, org.springframework.security.web.session.SessionManagementFilter@1ed52f44, org.springframework.security.web.access.ExceptionTranslationFilter@5305f936, org.springframework.security.web.access.intercept.FilterSecurityInterceptor@104cfb24]
[2023-01-27 14:08:06:3908][Test worker] INFO  o.a.coyote.http11.Http11NioProtocol - Starting ProtocolHandler ["http-nio-auto-1"]
[2023-01-27 14:08:06:3920][Test worker] INFO  o.s.b.w.e.tomcat.TomcatWebServer - Tomcat started on port(s): 62628 (http) with context path ''
[2023-01-27 14:08:07:4220][Test worker] INFO  c.u.b.m.service.AuthServiceTest - Started AuthServiceTest in 3.926 seconds (JVM running for 5.013)
[2023-01-27 14:08:07:4250][Test worker] INFO  com.zaxxer.hikari.HikariDataSource - HikariPool-1 - Starting...
[2023-01-27 14:08:07:4484][Test worker] INFO  com.zaxxer.hikari.HikariDataSource - HikariPool-1 - Start completed.
[2023-01-27 14:08:07:4490][Test worker] INFO  o.s.t.c.t.TransactionContext - Began transaction (1) for test context [DefaultTestContext@59221b97 testClass = AuthServiceTest, testInstance = com.uni.blueisland.member.service.AuthServiceTest@4c432866, testMethod = 회원가입@AuthServiceTest, testException = [null], mergedContextConfiguration = [WebMergedContextConfiguration@6ac4944a testClass = AuthServiceTest, locations = '{}', classes = '{class com.uni.blueisland.BlueIslandApplication}', contextInitializerClasses = '[]', activeProfiles = '{}', propertySourceLocations = '{}', propertySourceProperties = '{org.springframework.boot.test.context.SpringBootTestContextBootstrapper=true, server.port=0}', contextCustomizers = set[org.springframework.boot.test.autoconfigure.actuate.metrics.MetricsExportContextCustomizerFactory$DisableMetricExportContextCustomizer@2fea7088, org.springframework.boot.test.autoconfigure.properties.PropertyMappingContextCustomizer@0, org.springframework.boot.test.autoconfigure.web.servlet.WebDriverContextCustomizerFactory$Customizer@13e3c1c7, org.springframework.boot.test.context.filter.ExcludeFilterContextCustomizer@5b40ceb, org.springframework.boot.test.json.DuplicateJsonObjectContextCustomizerFactory$DuplicateJsonObjectContextCustomizer@36546a22, org.springframework.boot.test.mock.mockito.MockitoContextCustomizer@0, org.springframework.boot.test.web.client.TestRestTemplateContextCustomizer@636e8cc, org.springframework.boot.test.context.SpringBootTestArgs@1, org.springframework.boot.test.context.SpringBootTestWebEnvironment@3224a577], resourceBasePath = 'src/main/webapp', contextLoader = 'org.springframework.boot.test.context.SpringBootContextLoader', parent = [null]], attributes = map['org.springframework.test.context.web.ServletTestExecutionListener.activateListener' -> false, 'org.springframework.test.context.event.ApplicationEventsTestExecutionListener.recordApplicationEvents' -> false]]; transaction manager [org.springframework.jdbc.support.JdbcTransactionManager@66e62e19]; rollback [true]
[2023-01-27 14:08:07:4958][http-nio-auto-1-exec-1] INFO  o.a.c.c.C.[Tomcat].[localhost].[/] - Initializing Spring DispatcherServlet 'dispatcherServlet'
[2023-01-27 14:08:07:4958][http-nio-auto-1-exec-1] INFO  o.s.web.servlet.DispatcherServlet - Initializing Servlet 'dispatcherServlet'
[2023-01-27 14:08:07:4960][http-nio-auto-1-exec-1] INFO  o.s.web.servlet.DispatcherServlet - Completed initialization in 1 ms
[2023-01-27 14:08:07:4977][http-nio-auto-1-exec-1] INFO  o.s.web.filter.OncePerRequestFilter - [JwtFilter] doFilterInternal START ===================================
[2023-01-27 14:08:07:4977][http-nio-auto-1-exec-1] INFO  o.s.web.filter.OncePerRequestFilter - [JwtFilter] jwt : null
[2023-01-27 14:08:07:5022][http-nio-auto-1-exec-1] INFO  c.u.b.member.service.AuthService - [AuthService] Signup Start ===================================
[2023-01-27 14:08:07:5023][http-nio-auto-1-exec-1] INFO  c.u.b.member.service.AuthService - [AuthService] MemberRequestDto MemberDto(memberNo=null, memberId=user07, memberPwd=pass07, memberName=이준, memberRole=null, appendDate=null, updateDate=null, authorities=null)
[2023-01-27 14:08:07:5036][http-nio-auto-1-exec-1] INFO  c.u.b.member.service.AuthService - [AuthService] Member Signup Start ==============================
[2023-01-27 14:08:07:5110][http-nio-auto-1-exec-1] INFO  c.u.b.member.service.AuthService - [AuthService] Member MemberDto(memberNo=null, memberId=user07, memberPwd=$2a$10$8DHW.l.AC7GI.UOGAfLCoOKkiwo6XX/gV1HEyW1I4EMGcUqFh7FEi, memberName=이준, memberRole=null, appendDate=null, updateDate=null, authorities=null)
[2023-01-27 14:08:07:5144][http-nio-auto-1-exec-1] INFO  c.u.b.member.service.AuthService - [AuthService] Member Insert Result 회원 가입 성공
[2023-01-27 14:08:07:5144][http-nio-auto-1-exec-1] INFO  c.u.b.member.service.AuthService - [AuthService] Signup End ==============================
[2023-01-27 14:08:08:5214][Test worker] INFO  c.u.b.member.service.AuthService - [AuthService] Signup Start ===================================
[2023-01-27 14:08:08:5214][Test worker] INFO  c.u.b.member.service.AuthService - [AuthService] MemberRequestDto MemberDto(memberNo=null, memberId=user07, memberPwd=pass07, memberName=이준, memberRole=null, appendDate=null, updateDate=null, authorities=null)
[2023-01-27 14:08:08:5214][Test worker] INFO  c.u.b.member.service.AuthService - [AuthService] Member Signup Start ==============================
[2023-01-27 14:08:08:5273][Test worker] INFO  c.u.b.member.service.AuthService - [AuthService] Member MemberDto(memberNo=null, memberId=user07, memberPwd=$2a$10$nUF1knivJaI6zC0rHKI1V.TE9apJpoaWyCRxxMAFh8LzrSwAngbkS, memberName=이준, memberRole=null, appendDate=null, updateDate=null, authorities=null)
[2023-01-27 14:08:08:5276][Test worker] INFO  c.u.b.member.service.AuthService - [AuthService] Member Insert Result 회원 가입 성공
[2023-01-27 14:08:08:5277][Test worker] INFO  c.u.b.member.service.AuthService - [AuthService] Signup End ==============================
[2023-01-27 14:08:08:5285][Test worker] INFO  o.s.t.c.t.TransactionContext - Rolled back transaction for test: [DefaultTestContext@59221b97 testClass = AuthServiceTest, testInstance = com.uni.blueisland.member.service.AuthServiceTest@4c432866, testMethod = 회원가입@AuthServiceTest, testException = [null], mergedContextConfiguration = [WebMergedContextConfiguration@6ac4944a testClass = AuthServiceTest, locations = '{}', classes = '{class com.uni.blueisland.BlueIslandApplication}', contextInitializerClasses = '[]', activeProfiles = '{}', propertySourceLocations = '{}', propertySourceProperties = '{org.springframework.boot.test.context.SpringBootTestContextBootstrapper=true, server.port=0}', contextCustomizers = set[org.springframework.boot.test.autoconfigure.actuate.metrics.MetricsExportContextCustomizerFactory$DisableMetricExportContextCustomizer@2fea7088, org.springframework.boot.test.autoconfigure.properties.PropertyMappingContextCustomizer@0, org.springframework.boot.test.autoconfigure.web.servlet.WebDriverContextCustomizerFactory$Customizer@13e3c1c7, org.springframework.boot.test.context.filter.ExcludeFilterContextCustomizer@5b40ceb, org.springframework.boot.test.json.DuplicateJsonObjectContextCustomizerFactory$DuplicateJsonObjectContextCustomizer@36546a22, org.springframework.boot.test.mock.mockito.MockitoContextCustomizer@0, org.springframework.boot.test.web.client.TestRestTemplateContextCustomizer@636e8cc, org.springframework.boot.test.context.SpringBootTestArgs@1, org.springframework.boot.test.context.SpringBootTestWebEnvironment@3224a577], resourceBasePath = 'src/main/webapp', contextLoader = 'org.springframework.boot.test.context.SpringBootContextLoader', parent = [null]], attributes = map['org.springframework.test.context.web.ServletTestExecutionListener.activateListener' -> false, 'org.springframework.test.context.event.ApplicationEventsTestExecutionListener.recordApplicationEvents' -> false]]
[2023-01-27 14:08:08:5453][SpringApplicationShutdownHook] INFO  com.zaxxer.hikari.HikariDataSource - HikariPool-1 - Shutdown initiated...
[2023-01-27 14:08:08:5462][SpringApplicationShutdownHook] INFO  com.zaxxer.hikari.HikariDataSource - HikariPool-1 - Shutdown completed.
[2023-01-27 14:17:31:626][background-preinit] INFO  o.h.validator.internal.util.Version - HV000001: Hibernate Validator 6.2.5.Final
[2023-01-27 14:17:32:629][Test worker] INFO  c.u.b.m.service.AuthServiceTest - Starting AuthServiceTest using Java 11.0.2 on DESKTOP-SIG7LQ4 with PID 2160 (started by MSI in C:\study\blueIsland\blueIsland)
[2023-01-27 14:17:32:630][Test worker] INFO  c.u.b.m.service.AuthServiceTest - No active profile set, falling back to 1 default profile: "default"
[2023-01-27 14:17:33:2284][Test worker] INFO  o.s.b.w.e.tomcat.TomcatWebServer - Tomcat initialized with port(s): 0 (http)
[2023-01-27 14:17:33:2298][Test worker] INFO  o.a.coyote.http11.Http11NioProtocol - Initializing ProtocolHandler ["http-nio-auto-1"]
[2023-01-27 14:17:33:2299][Test worker] INFO  o.a.catalina.core.StandardService - Starting service [Tomcat]
[2023-01-27 14:17:33:2299][Test worker] INFO  o.a.catalina.core.StandardEngine - Starting Servlet engine: [Apache Tomcat/9.0.71]
[2023-01-27 14:17:33:2458][Test worker] INFO  o.a.c.c.C.[Tomcat].[localhost].[/] - Initializing Spring embedded WebApplicationContext
[2023-01-27 14:17:33:2459][Test worker] INFO  o.s.b.w.s.c.ServletWebServerApplicationContext - Root WebApplicationContext: initialization completed in 1813 ms
[2023-01-27 14:17:35:3791][Test worker] INFO  o.s.s.w.DefaultSecurityFilterChain - Will secure any request with [org.springframework.security.web.session.DisableEncodeUrlFilter@2d705998, org.springframework.security.web.context.request.async.WebAsyncManagerIntegrationFilter@28a3fc34, org.springframework.security.web.context.SecurityContextPersistenceFilter@2ee095c9, org.springframework.security.web.header.HeaderWriterFilter@4e80960a, org.springframework.web.filter.CorsFilter@7582a16b, org.springframework.security.web.authentication.logout.LogoutFilter@443dae2, com.uni.blueisland.jwt.JwtFilter@4dd752e8, org.springframework.security.web.savedrequest.RequestCacheAwareFilter@e2f6a45, org.springframework.security.web.servletapi.SecurityContextHolderAwareRequestFilter@24cbf894, org.springframework.security.web.authentication.AnonymousAuthenticationFilter@62c46e53, org.springframework.security.web.session.SessionManagementFilter@5bccef9f, org.springframework.security.web.access.ExceptionTranslationFilter@4cb82b09, org.springframework.security.web.access.intercept.FilterSecurityInterceptor@5a58db42]
[2023-01-27 14:17:35:4552][Test worker] INFO  o.a.coyote.http11.Http11NioProtocol - Starting ProtocolHandler ["http-nio-auto-1"]
[2023-01-27 14:17:35:4563][Test worker] INFO  o.s.b.w.e.tomcat.TomcatWebServer - Tomcat started on port(s): 62741 (http) with context path ''
[2023-01-27 14:17:36:4856][Test worker] INFO  c.u.b.m.service.AuthServiceTest - Started AuthServiceTest in 4.564 seconds (JVM running for 5.663)
[2023-01-27 14:17:36:4874][Test worker] INFO  com.zaxxer.hikari.HikariDataSource - HikariPool-1 - Starting...
[2023-01-27 14:17:36:5084][Test worker] INFO  com.zaxxer.hikari.HikariDataSource - HikariPool-1 - Start completed.
[2023-01-27 14:17:36:5090][Test worker] INFO  o.s.t.c.t.TransactionContext - Began transaction (1) for test context [DefaultTestContext@59221b97 testClass = AuthServiceTest, testInstance = com.uni.blueisland.member.service.AuthServiceTest@4c432866, testMethod = 로그인@AuthServiceTest, testException = [null], mergedContextConfiguration = [WebMergedContextConfiguration@6ac4944a testClass = AuthServiceTest, locations = '{}', classes = '{class com.uni.blueisland.BlueIslandApplication}', contextInitializerClasses = '[]', activeProfiles = '{}', propertySourceLocations = '{}', propertySourceProperties = '{org.springframework.boot.test.context.SpringBootTestContextBootstrapper=true, server.port=0}', contextCustomizers = set[org.springframework.boot.test.autoconfigure.actuate.metrics.MetricsExportContextCustomizerFactory$DisableMetricExportContextCustomizer@2fea7088, org.springframework.boot.test.autoconfigure.properties.PropertyMappingContextCustomizer@0, org.springframework.boot.test.autoconfigure.web.servlet.WebDriverContextCustomizerFactory$Customizer@13e3c1c7, org.springframework.boot.test.context.filter.ExcludeFilterContextCustomizer@5b40ceb, org.springframework.boot.test.json.DuplicateJsonObjectContextCustomizerFactory$DuplicateJsonObjectContextCustomizer@36546a22, org.springframework.boot.test.mock.mockito.MockitoContextCustomizer@0, org.springframework.boot.test.web.client.TestRestTemplateContextCustomizer@636e8cc, org.springframework.boot.test.context.SpringBootTestArgs@1, org.springframework.boot.test.context.SpringBootTestWebEnvironment@3224a577], resourceBasePath = 'src/main/webapp', contextLoader = 'org.springframework.boot.test.context.SpringBootContextLoader', parent = [null]], attributes = map['org.springframework.test.context.web.ServletTestExecutionListener.activateListener' -> false, 'org.springframework.test.context.event.ApplicationEventsTestExecutionListener.recordApplicationEvents' -> false]]; transaction manager [org.springframework.jdbc.support.JdbcTransactionManager@45a05350]; rollback [true]
[2023-01-27 14:17:36:5526][http-nio-auto-1-exec-1] INFO  o.a.c.c.C.[Tomcat].[localhost].[/] - Initializing Spring DispatcherServlet 'dispatcherServlet'
[2023-01-27 14:17:36:5526][http-nio-auto-1-exec-1] INFO  o.s.web.servlet.DispatcherServlet - Initializing Servlet 'dispatcherServlet'
[2023-01-27 14:17:36:5527][http-nio-auto-1-exec-1] INFO  o.s.web.servlet.DispatcherServlet - Completed initialization in 1 ms
[2023-01-27 14:17:36:5541][http-nio-auto-1-exec-1] INFO  o.s.web.filter.OncePerRequestFilter - [JwtFilter] doFilterInternal START ===================================
[2023-01-27 14:17:36:5541][http-nio-auto-1-exec-1] INFO  o.s.web.filter.OncePerRequestFilter - [JwtFilter] jwt : null
[2023-01-27 14:17:36:5577][http-nio-auto-1-exec-1] INFO  c.u.b.member.service.AuthService - [AuthService] Login Start ===================================
[2023-01-27 14:17:36:5577][http-nio-auto-1-exec-1] INFO  c.u.b.member.service.AuthService - [AuthService] MemberDto(memberNo=null, memberId=user07, memberPwd=pass07, memberName=null, memberRole=null, appendDate=null, updateDate=null, authorities=null)
[2023-01-27 14:17:37:5711][http-nio-auto-1-exec-1] INFO  c.uni.blueisland.jwt.TokenProvider - [TokenProvider] generateTokenDto Start ===================================
[2023-01-27 14:17:37:5711][http-nio-auto-1-exec-1] INFO  c.uni.blueisland.jwt.TokenProvider - [TokenProvider] ROLE_USER
[2023-01-27 14:17:37:5728][http-nio-auto-1-exec-1] INFO  c.u.b.member.service.AuthService - [AuthService] tokenDto TokenDto{grantType='bearer', memberName='이준', accessToken='eyJhbGciOiJIUzUxMiJ9.eyJzdWIiOiJ1c2VyMDciLCJhdXRoIjpbIlJPTEVfVVNFUiJdLCJleHAiOjE2NzQ3OTg0NTd9.HeU-TIy-hzy_fHmT7q2g80E6qq7pRnFy72eXh5aLnnY4-dBXDiDUE1vS5j_Esj9Sj21NqECnflnGu42kZoz9eQ', accessTokenExpiresIn=1674798457088}
[2023-01-27 14:17:37:5734][http-nio-auto-1-exec-1] INFO  c.u.b.member.service.AuthService - [AuthService] Login End ===================================
[2023-01-27 14:17:37:5825][Test worker] INFO  c.u.b.member.service.AuthService - [AuthService] Login Start ===================================
[2023-01-27 14:17:37:5825][Test worker] INFO  c.u.b.member.service.AuthService - [AuthService] MemberDto(memberNo=null, memberId=user07, memberPwd=pass07, memberName=null, memberRole=null, appendDate=null, updateDate=null, authorities=null)
[2023-01-27 14:17:37:5890][Test worker] INFO  c.uni.blueisland.jwt.TokenProvider - [TokenProvider] generateTokenDto Start ===================================
[2023-01-27 14:17:37:5891][Test worker] INFO  c.uni.blueisland.jwt.TokenProvider - [TokenProvider] ROLE_USER
[2023-01-27 14:17:37:5892][Test worker] INFO  c.u.b.member.service.AuthService - [AuthService] tokenDto TokenDto{grantType='bearer', memberName='이준', accessToken='eyJhbGciOiJIUzUxMiJ9.eyJzdWIiOiJ1c2VyMDciLCJhdXRoIjpbIlJPTEVfVVNFUiJdLCJleHAiOjE2NzQ3OTg0NTd9.HeU-TIy-hzy_fHmT7q2g80E6qq7pRnFy72eXh5aLnnY4-dBXDiDUE1vS5j_Esj9Sj21NqECnflnGu42kZoz9eQ', accessTokenExpiresIn=1674798457264}
[2023-01-27 14:17:37:5892][Test worker] INFO  c.u.b.member.service.AuthService - [AuthService] Login End ===================================
[2023-01-27 14:17:37:5898][Test worker] INFO  o.s.t.c.t.TransactionContext - Rolled back transaction for test: [DefaultTestContext@59221b97 testClass = AuthServiceTest, testInstance = com.uni.blueisland.member.service.AuthServiceTest@4c432866, testMethod = 로그인@AuthServiceTest, testException = [null], mergedContextConfiguration = [WebMergedContextConfiguration@6ac4944a testClass = AuthServiceTest, locations = '{}', classes = '{class com.uni.blueisland.BlueIslandApplication}', contextInitializerClasses = '[]', activeProfiles = '{}', propertySourceLocations = '{}', propertySourceProperties = '{org.springframework.boot.test.context.SpringBootTestContextBootstrapper=true, server.port=0}', contextCustomizers = set[org.springframework.boot.test.autoconfigure.actuate.metrics.MetricsExportContextCustomizerFactory$DisableMetricExportContextCustomizer@2fea7088, org.springframework.boot.test.autoconfigure.properties.PropertyMappingContextCustomizer@0, org.springframework.boot.test.autoconfigure.web.servlet.WebDriverContextCustomizerFactory$Customizer@13e3c1c7, org.springframework.boot.test.context.filter.ExcludeFilterContextCustomizer@5b40ceb, org.springframework.boot.test.json.DuplicateJsonObjectContextCustomizerFactory$DuplicateJsonObjectContextCustomizer@36546a22, org.springframework.boot.test.mock.mockito.MockitoContextCustomizer@0, org.springframework.boot.test.web.client.TestRestTemplateContextCustomizer@636e8cc, org.springframework.boot.test.context.SpringBootTestArgs@1, org.springframework.boot.test.context.SpringBootTestWebEnvironment@3224a577], resourceBasePath = 'src/main/webapp', contextLoader = 'org.springframework.boot.test.context.SpringBootContextLoader', parent = [null]], attributes = map['org.springframework.test.context.web.ServletTestExecutionListener.activateListener' -> false, 'org.springframework.test.context.event.ApplicationEventsTestExecutionListener.recordApplicationEvents' -> false]]
[2023-01-27 14:17:37:6057][SpringApplicationShutdownHook] INFO  com.zaxxer.hikari.HikariDataSource - HikariPool-1 - Shutdown initiated...
[2023-01-27 14:17:37:6065][SpringApplicationShutdownHook] INFO  com.zaxxer.hikari.HikariDataSource - HikariPool-1 - Shutdown completed.
